Using pre-set license
Built from '2022.3/staging' branch; Version is '2022.3.28f1 (6bae5ce6b222) revision 7056988'; Using compiler version '192829333'; Build Type 'Release'
OS: 'Windows 11  (10.0.22631) 64bit Enterprise' Language: 'es' Physical Memory: 8066 MB
BatchMode: 1, IsHumanControllingUs: 0, StartBugReporterOnCrash: 0, Is64bit: 1, IsPro: 1

COMMAND LINE ARGUMENTS:
C:\Program Files\Unity\Hub\Editor\2022.3.28f1\Editor\Unity.exe
-adb2
-batchMode
-noUpm
-name
AssetImportWorker1
-projectPath
D:/unityMobile
-logFile
Logs/AssetImportWorker1.log
-srvPort
54102
Successfully changed project path to: D:/unityMobile
D:/unityMobile
[UnityMemory] Configuration Parameters - Can be set up in boot.config
    "memorysetup-bucket-allocator-granularity=16"
    "memorysetup-bucket-allocator-bucket-count=8"
    "memorysetup-bucket-allocator-block-size=33554432"
    "memorysetup-bucket-allocator-block-count=8"
    "memorysetup-main-allocator-block-size=16777216"
    "memorysetup-thread-allocator-block-size=16777216"
    "memorysetup-gfx-main-allocator-block-size=16777216"
    "memorysetup-gfx-thread-allocator-block-size=16777216"
    "memorysetup-cache-allocator-block-size=4194304"
    "memorysetup-typetree-allocator-block-size=2097152"
    "memorysetup-profiler-bucket-allocator-granularity=16"
    "memorysetup-profiler-bucket-allocator-bucket-count=8"
    "memorysetup-profiler-bucket-allocator-block-size=33554432"
    "memorysetup-profiler-bucket-allocator-block-count=8"
    "memorysetup-profiler-allocator-block-size=16777216"
    "memorysetup-profiler-editor-allocator-block-size=1048576"
    "memorysetup-temp-allocator-size-main=16777216"
    "memorysetup-job-temp-allocator-block-size=2097152"
    "memorysetup-job-temp-allocator-block-size-background=1048576"
    "memorysetup-job-temp-allocator-reduction-small-platforms=262144"
    "memorysetup-allocator-temp-initial-block-size-main=262144"
    "memorysetup-allocator-temp-initial-block-size-worker=262144"
    "memorysetup-temp-allocator-size-background-worker=32768"
    "memorysetup-temp-allocator-size-job-worker=262144"
    "memorysetup-temp-allocator-size-preload-manager=33554432"
    "memorysetup-temp-allocator-size-nav-mesh-worker=65536"
    "memorysetup-temp-allocator-size-audio-worker=65536"
    "memorysetup-temp-allocator-size-cloud-worker=32768"
    "memorysetup-temp-allocator-size-gi-baking-worker=262144"
    "memorysetup-temp-allocator-size-gfx=262144"
Player connection [23436] Host "[IP] 192.168.56.1 [Port] 0 [Flags] 2 [Guid] 4164182605 [EditorId] 4164182605 [Version] 1048832 [Id] WindowsEditor(7,Cristopher) [Debug] 1 [PackageName] WindowsEditor [ProjectName] Editor" joined multi-casting on [225.0.0.222:54997]...

Player connection [23436] Host "[IP] 192.168.56.1 [Port] 0 [Flags] 2 [Guid] 4164182605 [EditorId] 4164182605 [Version] 1048832 [Id] WindowsEditor(7,Cristopher) [Debug] 1 [PackageName] WindowsEditor [ProjectName] Editor" joined alternative multi-casting on [225.0.0.222:34997]...

[Physics::Module] Initialized MultithreadedJobDispatcher with 7 workers.
Refreshing native plugins compatible for Editor in 159.34 ms, found 4 plugins.
Preloading 0 native plugins for Editor in 0.00 ms.
Initialize engine version: 2022.3.28f1 (6bae5ce6b222)
[Subsystems] Discovering subsystems at path C:/Program Files/Unity/Hub/Editor/2022.3.28f1/Editor/Data/Resources/UnitySubsystems
[Subsystems] Discovering subsystems at path D:/unityMobile/Assets
GfxDevice: creating device client; threaded=0; jobified=0
Direct3D:
    Version:  Direct3D 11.0 [level 11.1]
    Renderer: Intel(R) UHD Graphics 620 (ID=0x5917)
    Vendor:   Intel
    VRAM:     4033 MB
    Driver:   27.20.100.9565
Initialize mono
Mono path[0] = 'C:/Program Files/Unity/Hub/Editor/2022.3.28f1/Editor/Data/Managed'
Mono path[1] = 'C:/Program Files/Unity/Hub/Editor/2022.3.28f1/Editor/Data/MonoBleedingEdge/lib/mono/unityjit-win32'
Mono config path = 'C:/Program Files/Unity/Hub/Editor/2022.3.28f1/Editor/Data/MonoBleedingEdge/etc'
Using monoOptions --debugger-agent=transport=dt_socket,embedding=1,server=y,suspend=n,address=127.0.0.1:56384
Begin MonoManager ReloadAssembly
Registering precompiled unity dll's ...
Register platform support module: C:/Program Files/Unity/Hub/Editor/2022.3.28f1/Editor/Data/PlaybackEngines/WebGLSupport/UnityEditor.WebGL.Extensions.dll
Register platform support module: C:/Program Files/Unity/Hub/Editor/2022.3.28f1/Editor/Data/PlaybackEngines/AndroidPlayer/UnityEditor.Android.Extensions.dll
Register platform support module: C:/Program Files/Unity/Hub/Editor/2022.3.28f1/Editor/Data/PlaybackEngines/WindowsStandaloneSupport/UnityEditor.WindowsStandalone.Extensions.dll
Registered in 0.048615 seconds.
- Loaded All Assemblies, in  2.072 seconds
Native extension for WindowsStandalone target not found
Native extension for Android target not found
Android Extension - Scanning For ADB Devices 1226 ms
Native extension for WebGL target not found
Mono: successfully reloaded assembly
- Finished resetting the current domain, in  2.859 seconds
Domain Reload Profiling: 4929ms
	BeginReloadAssembly (743ms)
		ExecutionOrderSort (0ms)
		DisableScriptedObjects (0ms)
		BackupInstance (0ms)
		ReleaseScriptingObjects (0ms)
		CreateAndSetChildDomain (11ms)
	RebuildCommonClasses (187ms)
	RebuildNativeTypeToScriptingClass (43ms)
	initialDomainReloadingComplete (298ms)
	LoadAllAssembliesAndSetupDomain (798ms)
		LoadAssemblies (740ms)
		RebuildTransferFunctionScriptingTraits (0ms)
		AnalyzeDomain (771ms)
			TypeCache.Refresh (764ms)
				TypeCache.ScanAssembly (698ms)
			ScanForSourceGeneratedMonoScriptInfo (1ms)
			ResolveRequiredComponents (2ms)
	FinalizeReload (2861ms)
		ReleaseScriptCaches (0ms)
		RebuildScriptCaches (0ms)
		SetupLoadedEditorAssemblies (2557ms)
			LogAssemblyErrors (0ms)
			InitializePlatformSupportModulesInManaged (1745ms)
			SetLoadedEditorAssemblies (19ms)
			RefreshPlugins (0ms)
			BeforeProcessingInitializeOnLoad (6ms)
			ProcessInitializeOnLoadAttributes (560ms)
			ProcessInitializeOnLoadMethodAttributes (226ms)
			AfterProcessingInitializeOnLoad (0ms)
			EditorAssembliesLoaded (1ms)
		ExecutionOrderSort2 (0ms)
		AwakeInstancesAfterBackupRestoration (0ms)
========================================================================
Worker process is ready to serve import requests
Begin MonoManager ReloadAssembly
- Loaded All Assemblies, in  5.487 seconds
Refreshing native plugins compatible for Editor in 30.41 ms, found 4 plugins.
Native extension for WindowsStandalone target not found
Native extension for Android target not found
Native extension for WebGL target not found
Package Manager log level set to [2]
[Package Manager] Server::EnsureServerProcessIsRunning -- launch failed, reason: Unity was launched with the -noUpm command-line argument
[Package Manager] UpmClient::Send -- Unable to send message (not connected to UPM process).
[Package Manager] Cannot connect to Unity Package Manager local server
[Package Manager] Server::EnsureServerProcessIsRunning -- launch failed, reason: Unity was launched with the -noUpm command-line argument
[Package Manager] UpmClient::Send -- Unable to send message (not connected to UPM process).
[Package Manager] Cannot connect to Unity Package Manager local server
Mono: successfully reloaded assembly
[Package Manager] Server::EnsureServerProcessIsRunning -- launch failed, reason: Unity was launched with the -noUpm command-line argument
[Package Manager] UpmClient::Send -- Unable to send message (not connected to UPM process).
[Package Manager] Cannot connect to Unity Package Manager local server
[Package Manager] Server::EnsureServerProcessIsRunning -- launch failed, reason: Unity was launched with the -noUpm command-line argument
[Package Manager] UpmClient::Send -- Unable to send message (not connected to UPM process).
[Package Manager] Cannot connect to Unity Package Manager local server
- Finished resetting the current domain, in  5.839 seconds
Domain Reload Profiling: 11328ms
	BeginReloadAssembly (826ms)
		ExecutionOrderSort (1ms)
		DisableScriptedObjects (33ms)
		BackupInstance (0ms)
		ReleaseScriptingObjects (1ms)
		CreateAndSetChildDomain (103ms)
	RebuildCommonClasses (173ms)
	RebuildNativeTypeToScriptingClass (41ms)
	initialDomainReloadingComplete (176ms)
	LoadAllAssembliesAndSetupDomain (4272ms)
		LoadAssemblies (2815ms)
		RebuildTransferFunctionScriptingTraits (0ms)
		AnalyzeDomain (1876ms)
			TypeCache.Refresh (1595ms)
				TypeCache.ScanAssembly (1481ms)
			ScanForSourceGeneratedMonoScriptInfo (174ms)
			ResolveRequiredComponents (103ms)
	FinalizeReload (5840ms)
		ReleaseScriptCaches (0ms)
		RebuildScriptCaches (0ms)
		SetupLoadedEditorAssemblies (4580ms)
			LogAssemblyErrors (0ms)
			InitializePlatformSupportModulesInManaged (258ms)
			SetLoadedEditorAssemblies (29ms)
			RefreshPlugins (0ms)
			BeforeProcessingInitializeOnLoad (511ms)
			ProcessInitializeOnLoadAttributes (3286ms)
			ProcessInitializeOnLoadMethodAttributes (472ms)
			AfterProcessingInitializeOnLoad (20ms)
			EditorAssembliesLoaded (3ms)
		ExecutionOrderSort2 (0ms)
		AwakeInstancesAfterBackupRestoration (28ms)
Launched and connected shader compiler UnityShaderCompiler.exe after 3.88 seconds
Refreshing native plugins compatible for Editor in 25.46 ms, found 4 plugins.
Preloading 0 native plugins for Editor in 0.00 ms.
Unloading 6719 Unused Serialized files (Serialized files now loaded: 0)
Unloading 120 unused Assets / (3.5 MB). Loaded Objects now: 7151.
Memory consumption went from 257.0 MB to 253.5 MB.
Total: 1155.850200 ms (FindLiveObjects: 1.860600 ms CreateObjectMapping: 1.247100 ms MarkObjects: 1144.351700 ms  DeleteObjects: 8.386700 ms)

AssetImportParameters requested are different than current active one (requested -> active):
  custom:container-demuxer-ogg: 62fdf1f143b41e24485cea50d1cbac27 -> 
  custom:framework-win-MediaFoundation: 216162199b28c13a410421893ffa2e32 -> 
  custom:container-muxer-webm: aa71ff27fc2769a1b78a27578f13a17b -> 
  custom:video-decoder-webm-vp8: 9c59270c3fd7afecdb556c50c9e8de78 -> 
  custom:SearchIndexIgnoredProperties: e643bd26f0fe6173181afceb89e7c659 -> 
  custom:AudioImporter_EditorPlatform: d09bf68614088b80899f8185d706f6e7 -> 
  custom:audio-decoder-ogg-vorbis: bf7c407c2cedff20999df2af8eb42d56 -> 
  custom:audio-encoder-webm-vorbis: bf7c407c2cedff20999df2af8eb42d56 -> 
  custom:video-codec-MediaFoundation-h265: 746d11721c4dcdbdad8f713fa42b33f4 -> 
  custom:video-decoder-ogg-theora: a1e56fd34408186e4bbccfd4996cb3dc -> 
  custom:CustomObjectIndexerAttribute: 72b91833f83ae208fae7752999fa3104 -> 
  custom:container-demuxer-webm: 4f35f7cbe854078d1ac9338744f61a02 -> 
  custom:video-encoder-webm-vp8: eb34c28f22e8b96e1ab97ce403110664 -> 
========================================================================
Received Prepare
Begin MonoManager ReloadAssembly
- Loaded All Assemblies, in  8.536 seconds
Refreshing native plugins compatible for Editor in 39.26 ms, found 4 plugins.
Native extension for WindowsStandalone target not found
Native extension for Android target not found
Native extension for WebGL target not found
[Package Manager] Server::EnsureServerProcessIsRunning -- launch failed, reason: Unity was launched with the -noUpm command-line argument
[Package Manager] UpmClient::Send -- Unable to send message (not connected to UPM process).
[Package Manager] Cannot connect to Unity Package Manager local server
[Package Manager] Server::EnsureServerProcessIsRunning -- launch failed, reason: Unity was launched with the -noUpm command-line argument
[Package Manager] UpmClient::Send -- Unable to send message (not connected to UPM process).
[Package Manager] Cannot connect to Unity Package Manager local server
Mono: successfully reloaded assembly
[Package Manager] Server::EnsureServerProcessIsRunning -- launch failed, reason: Unity was launched with the -noUpm command-line argument
[Package Manager] UpmClient::Send -- Unable to send message (not connected to UPM process).
[Package Manager] Cannot connect to Unity Package Manager local server
- Finished resetting the current domain, in 14.416 seconds
Domain Reload Profiling: 22947ms
	BeginReloadAssembly (3632ms)
		ExecutionOrderSort (0ms)
		DisableScriptedObjects (112ms)
		BackupInstance (0ms)
		ReleaseScriptingObjects (3ms)
		CreateAndSetChildDomain (2028ms)
	RebuildCommonClasses (364ms)
	RebuildNativeTypeToScriptingClass (125ms)
	initialDomainReloadingComplete (195ms)
	LoadAllAssembliesAndSetupDomain (4213ms)
		LoadAssemblies (3474ms)
		RebuildTransferFunctionScriptingTraits (0ms)
		AnalyzeDomain (1635ms)
			TypeCache.Refresh (981ms)
				TypeCache.ScanAssembly (780ms)
			ScanForSourceGeneratedMonoScriptInfo (273ms)
			ResolveRequiredComponents (377ms)
	FinalizeReload (14418ms)
		ReleaseScriptCaches (0ms)
		RebuildScriptCaches (0ms)
		SetupLoadedEditorAssemblies (5527ms)
			LogAssemblyErrors (0ms)
			InitializePlatformSupportModulesInManaged (340ms)
			SetLoadedEditorAssemblies (19ms)
			RefreshPlugins (0ms)
			BeforeProcessingInitializeOnLoad (995ms)
			ProcessInitializeOnLoadAttributes (3725ms)
			ProcessInitializeOnLoadMethodAttributes (422ms)
			AfterProcessingInitializeOnLoad (26ms)
			EditorAssembliesLoaded (1ms)
		ExecutionOrderSort2 (0ms)
		AwakeInstancesAfterBackupRestoration (61ms)
Refreshing native plugins compatible for Editor in 29.57 ms, found 4 plugins.
Preloading 0 native plugins for Editor in 0.00 ms.
Unloading 6566 Unused Serialized files (Serialized files now loaded: 0)
Unloading 82 unused Assets / (3.5 MB). Loaded Objects now: 7156.
Memory consumption went from 232.0 MB to 228.5 MB.
Total: 31.004000 ms (FindLiveObjects: 1.322300 ms CreateObjectMapping: 1.356200 ms MarkObjects: 23.219000 ms  DeleteObjects: 5.103900 ms)

Prepare: number of updated asset objects reloaded= 0
AssetImportParameters requested are different than current active one (requested -> active):
  custom:container-demuxer-ogg: 62fdf1f143b41e24485cea50d1cbac27 -> 
  custom:framework-win-MediaFoundation: 216162199b28c13a410421893ffa2e32 -> 
  custom:container-muxer-webm: aa71ff27fc2769a1b78a27578f13a17b -> 
  custom:video-decoder-webm-vp8: 9c59270c3fd7afecdb556c50c9e8de78 -> 
  custom:SearchIndexIgnoredProperties: e643bd26f0fe6173181afceb89e7c659 -> 
  custom:AudioImporter_EditorPlatform: d09bf68614088b80899f8185d706f6e7 -> 
  custom:audio-decoder-ogg-vorbis: bf7c407c2cedff20999df2af8eb42d56 -> 
  custom:audio-encoder-webm-vorbis: bf7c407c2cedff20999df2af8eb42d56 -> 
  custom:video-codec-MediaFoundation-h265: 746d11721c4dcdbdad8f713fa42b33f4 -> 
  custom:video-decoder-ogg-theora: a1e56fd34408186e4bbccfd4996cb3dc -> 
  custom:CustomObjectIndexerAttribute: 72b91833f83ae208fae7752999fa3104 -> 
  custom:container-demuxer-webm: 4f35f7cbe854078d1ac9338744f61a02 -> 
  custom:video-encoder-webm-vp8: eb34c28f22e8b96e1ab97ce403110664 -> 
========================================================================
Received Import Request.
  Time since last request: 13091.789268 seconds.
  path: Assets/Esenario/M_23c45d5fa17d4c6c69e99a685af9b9aa.jpg
  artifactKey: Guid(9f8e95127c5444042abd61aa46e05815) Importer(815301076,1909f56bfc062723c751e8b465ee728b)
Start importing Assets/Esenario/M_23c45d5fa17d4c6c69e99a685af9b9aa.jpg using Guid(9f8e95127c5444042abd61aa46e05815) Importer(815301076,1909f56bfc062723c751e8b465ee728b)  -> (artifact id: '9b85fd4c98e157b4110134b71449bc8c') in 0.423107 seconds
Number of updated asset objects reloaded before import = 0
Number of asset objects unloaded after import = 2
========================================================================
Received Import Request.
  Time since last request: 0.000045 seconds.
  path: Assets/Esenario/_Wood_cherry_1.jpg
  artifactKey: Guid(517fadd79bf5e1b44979a5f3baa12762) Importer(815301076,1909f56bfc062723c751e8b465ee728b)
Start importing Assets/Esenario/_Wood_cherry_1.jpg using Guid(517fadd79bf5e1b44979a5f3baa12762) Importer(815301076,1909f56bfc062723c751e8b465ee728b)  -> (artifact id: '967f587c345ac14a7016d7f781abcfb9') in 0.092995 seconds
Number of updated asset objects reloaded before import = 0
Number of asset objects unloaded after import = 2
========================================================================
Received Import Request.
  Time since last request: 0.000132 seconds.
  path: Assets/Esenario/M_0_40_02.jpg
  artifactKey: Guid(093e77d6b65ed1e4fa2127ab953ea059) Importer(815301076,1909f56bfc062723c751e8b465ee728b)
Start importing Assets/Esenario/M_0_40_02.jpg using Guid(093e77d6b65ed1e4fa2127ab953ea059) Importer(815301076,1909f56bfc062723c751e8b465ee728b)  -> (artifact id: 'e15035d8ea4252f0e6fcd469ed942ab6') in 0.074200 seconds
Number of updated asset objects reloaded before import = 0
Number of asset objects unloaded after import = 2
========================================================================
Received Import Request.
  Time since last request: 0.000053 seconds.
  path: Assets/Esenario/Metal_Corrogated_Shiny.jpg
  artifactKey: Guid(86efda0f709df3c4db8d65442c67d20c) Importer(815301076,1909f56bfc062723c751e8b465ee728b)
Start importing Assets/Esenario/Metal_Corrogated_Shiny.jpg using Guid(86efda0f709df3c4db8d65442c67d20c) Importer(815301076,1909f56bfc062723c751e8b465ee728b)  -> (artifact id: 'a97eda3a5776dae17bd07b787bd427c9') in 0.101276 seconds
Number of updated asset objects reloaded before import = 0
Number of asset objects unloaded after import = 2
========================================================================
Received Import Request.
  Time since last request: 0.000035 seconds.
  path: Assets/Esenario/Couro_Caramelo.jpg
  artifactKey: Guid(71849492c7d0b10439ec432fdd9f104d) Importer(815301076,1909f56bfc062723c751e8b465ee728b)
Start importing Assets/Esenario/Couro_Caramelo.jpg using Guid(71849492c7d0b10439ec432fdd9f104d) Importer(815301076,1909f56bfc062723c751e8b465ee728b)  -> (artifact id: 'fce2e2bf3d6e56c8c784beb9066299ba') in 0.163180 seconds
Number of updated asset objects reloaded before import = 0
Number of asset objects unloaded after import = 2
========================================================================
Received Import Request.
  Time since last request: 0.000061 seconds.
  path: Assets/Esenario/orange_g.jpg
  artifactKey: Guid(da0119d03256cfe459c2454d2c12fe4c) Importer(815301076,1909f56bfc062723c751e8b465ee728b)
Start importing Assets/Esenario/orange_g.jpg using Guid(da0119d03256cfe459c2454d2c12fe4c) Importer(815301076,1909f56bfc062723c751e8b465ee728b)  -> (artifact id: '3fea34ff7dd0b6654c4dbaf0e9bd4990') in 0.102003 seconds
Number of updated asset objects reloaded before import = 0
Number of asset objects unloaded after import = 2
========================================================================
Received Import Request.
  Time since last request: 0.000032 seconds.
  path: Assets/Esenario/EXTINTOR_Fire_5.jpg
  artifactKey: Guid(bdbc7eaf1d242c94bac609e8cccbbf51) Importer(815301076,1909f56bfc062723c751e8b465ee728b)
Start importing Assets/Esenario/EXTINTOR_Fire_5.jpg using Guid(bdbc7eaf1d242c94bac609e8cccbbf51) Importer(815301076,1909f56bfc062723c751e8b465ee728b)  -> (artifact id: 'e24ff631696644bec66928289b1f659f') in 0.336240 seconds
Number of updated asset objects reloaded before import = 0
Number of asset objects unloaded after import = 2
========================================================================
Received Import Request.
  Time since last request: 0.000328 seconds.
  path: Assets/Esenario/i3_badge_01.jpg
  artifactKey: Guid(1a96741d495fbbb4392b1a3d672241ad) Importer(815301076,1909f56bfc062723c751e8b465ee728b)
Start importing Assets/Esenario/i3_badge_01.jpg using Guid(1a96741d495fbbb4392b1a3d672241ad) Importer(815301076,1909f56bfc062723c751e8b465ee728b)  -> (artifact id: 'dfcf149a9f70caea8452450184d6266f') in 0.072173 seconds
Number of updated asset objects reloaded before import = 0
Number of asset objects unloaded after import = 2
========================================================================
Received Import Request.
  Time since last request: 0.000306 seconds.
  path: Assets/Esenario/Vinil_Cinza_133.jpg
  artifactKey: Guid(12444ffa2502dd64886cb87ce29d6d53) Importer(815301076,1909f56bfc062723c751e8b465ee728b)
Start importing Assets/Esenario/Vinil_Cinza_133.jpg using Guid(12444ffa2502dd64886cb87ce29d6d53) Importer(815301076,1909f56bfc062723c751e8b465ee728b)  -> (artifact id: 'e77ae8eb5a159ce2713a18f384162eb9') in 0.131156 seconds
Number of updated asset objects reloaded before import = 0
Number of asset objects unloaded after import = 2
========================================================================
Received Import Request.
  Time since last request: 0.000253 seconds.
  path: Assets/Esenario/Metal_Silver.jpg
  artifactKey: Guid(f5d95f91ef32c61469a4b72a05b8082d) Importer(815301076,1909f56bfc062723c751e8b465ee728b)
Start importing Assets/Esenario/Metal_Silver.jpg using Guid(f5d95f91ef32c61469a4b72a05b8082d) Importer(815301076,1909f56bfc062723c751e8b465ee728b)  -> (artifact id: '59c2dfec972dd08395974db3aaa86095') in 0.081604 seconds
Number of updated asset objects reloaded before import = 0
Number of asset objects unloaded after import = 2
========================================================================
Received Import Request.
  Time since last request: 0.000077 seconds.
  path: Assets/Esenario/_Chalk_4.jpg
  artifactKey: Guid(49bb9577ac26fa145b18fcaefaf69e11) Importer(815301076,1909f56bfc062723c751e8b465ee728b)
Start importing Assets/Esenario/_Chalk_4.jpg using Guid(49bb9577ac26fa145b18fcaefaf69e11) Importer(815301076,1909f56bfc062723c751e8b465ee728b)  -> (artifact id: '1b8be2fcac80ca69fc8de6b9db19eb68') in 0.055090 seconds
Number of updated asset objects reloaded before import = 0
Number of asset objects unloaded after import = 2
========================================================================
Received Import Request.
  Time since last request: 0.000260 seconds.
  path: Assets/Esenario/fabric.jpg
  artifactKey: Guid(eec57903ff1b4884fa07893e31045d5b) Importer(815301076,1909f56bfc062723c751e8b465ee728b)
Start importing Assets/Esenario/fabric.jpg using Guid(eec57903ff1b4884fa07893e31045d5b) Importer(815301076,1909f56bfc062723c751e8b465ee728b)  -> (artifact id: '7b6a035a17e6eb227bb5c18aa351a250') in 0.159471 seconds
Number of updated asset objects reloaded before import = 0
Number of asset objects unloaded after import = 2
========================================================================
Received Import Request.
  Time since last request: 0.000088 seconds.
  path: Assets/Esenario/Material__14.png
  artifactKey: Guid(1ff53ba1db446b64ca64e4a5c30bb2cf) Importer(815301076,1909f56bfc062723c751e8b465ee728b)
Start importing Assets/Esenario/Material__14.png using Guid(1ff53ba1db446b64ca64e4a5c30bb2cf) Importer(815301076,1909f56bfc062723c751e8b465ee728b)  -> (artifact id: '3ef15b5d46e231776f75232defcc9e7a') in 0.101511 seconds
Number of updated asset objects reloaded before import = 0
Number of asset objects unloaded after import = 2
========================================================================
Received Import Request.
  Time since last request: 0.000067 seconds.
  path: Assets/Esenario/_Grid_.jpg
  artifactKey: Guid(bccfa6d008283e1498176e52c23a876f) Importer(815301076,1909f56bfc062723c751e8b465ee728b)
Start importing Assets/Esenario/_Grid_.jpg using Guid(bccfa6d008283e1498176e52c23a876f) Importer(815301076,1909f56bfc062723c751e8b465ee728b)  -> (artifact id: '144e1c815b0dddc089e04a8167981020') in 0.070530 seconds
Number of updated asset objects reloaded before import = 0
Number of asset objects unloaded after import = 2
========================================================================
Received Import Request.
  Time since last request: 0.000097 seconds.
  path: Assets/Esenario/Wood_Cherry_Original1.jpg
  artifactKey: Guid(67f81f962b3d1054c806230de49ef8e8) Importer(815301076,1909f56bfc062723c751e8b465ee728b)
Start importing Assets/Esenario/Wood_Cherry_Original1.jpg using Guid(67f81f962b3d1054c806230de49ef8e8) Importer(815301076,1909f56bfc062723c751e8b465ee728b)  -> (artifact id: 'f1366db8292445cae530a458642d4704') in 0.100816 seconds
Number of updated asset objects reloaded before import = 0
Number of asset objects unloaded after import = 2
========================================================================
Received Import Request.
  Time since last request: 0.001908 seconds.
  path: Assets/Esenario/_Fencing_Mesh_Blue_2_1.png
  artifactKey: Guid(f7e92056bcf523c489649f2108fadb74) Importer(815301076,1909f56bfc062723c751e8b465ee728b)
Start importing Assets/Esenario/_Fencing_Mesh_Blue_2_1.png using Guid(f7e92056bcf523c489649f2108fadb74) Importer(815301076,1909f56bfc062723c751e8b465ee728b)  -> (artifact id: '951ad386c9d1499226670b73550222ae') in 0.128314 seconds
Number of updated asset objects reloaded before import = 0
Number of asset objects unloaded after import = 2
========================================================================
Received Import Request.
  Time since last request: 0.000375 seconds.
  path: Assets/Esenario/M_1981_small.jpg
  artifactKey: Guid(631ecbb0a72a5884fadedf9a74c9248a) Importer(815301076,1909f56bfc062723c751e8b465ee728b)
Start importing Assets/Esenario/M_1981_small.jpg using Guid(631ecbb0a72a5884fadedf9a74c9248a) Importer(815301076,1909f56bfc062723c751e8b465ee728b)  -> (artifact id: '4785e9335ea4395b06f864fe1038c173') in 0.145795 seconds
Number of updated asset objects reloaded before import = 0
Number of asset objects unloaded after import = 2
========================================================================
Received Import Request.
  Time since last request: 0.000302 seconds.
  path: Assets/Esenario/cromado_02.jpg
  artifactKey: Guid(2c2310b28512f0d4fbd4facb29580dc8) Importer(815301076,1909f56bfc062723c751e8b465ee728b)
Start importing Assets/Esenario/cromado_02.jpg using Guid(2c2310b28512f0d4fbd4facb29580dc8) Importer(815301076,1909f56bfc062723c751e8b465ee728b)  -> (artifact id: 'd9e24098062eb0acddaf644119e56a78') in 0.088852 seconds
Number of updated asset objects reloaded before import = 0
Number of asset objects unloaded after import = 2
========================================================================
Received Import Request.
  Time since last request: 0.000030 seconds.
  path: Assets/Esenario/M_38_dirty_seamless_concrete_textures.jpg
  artifactKey: Guid(b8e0c41214c6a4740b09edfa49a4f23a) Importer(815301076,1909f56bfc062723c751e8b465ee728b)
Start importing Assets/Esenario/M_38_dirty_seamless_concrete_textures.jpg using Guid(b8e0c41214c6a4740b09edfa49a4f23a) Importer(815301076,1909f56bfc062723c751e8b465ee728b)  -> (artifact id: '2f03030d7eeeb92e75bb838de047fbf5') in 0.060200 seconds
Number of updated asset objects reloaded before import = 0
Number of asset objects unloaded after import = 2
========================================================================
Received Import Request.
  Time since last request: 0.000047 seconds.
  path: Assets/Esenario/Vinil_Verde_Oliva_191.jpg
  artifactKey: Guid(f23f99503bee4034cbc0e85890df425d) Importer(815301076,1909f56bfc062723c751e8b465ee728b)
Start importing Assets/Esenario/Vinil_Verde_Oliva_191.jpg using Guid(f23f99503bee4034cbc0e85890df425d) Importer(815301076,1909f56bfc062723c751e8b465ee728b)  -> (artifact id: 'd87284800397965299cba67ef29e808d') in 0.123820 seconds
Number of updated asset objects reloaded before import = 0
Number of asset objects unloaded after import = 2
========================================================================
Received Import Request.
  Time since last request: 0.000071 seconds.
  path: Assets/Esenario/Metal_Panel1.jpg
  artifactKey: Guid(7922213aec178d34d84736802446ca6a) Importer(815301076,1909f56bfc062723c751e8b465ee728b)
Start importing Assets/Esenario/Metal_Panel1.jpg using Guid(7922213aec178d34d84736802446ca6a) Importer(815301076,1909f56bfc062723c751e8b465ee728b)  -> (artifact id: '13384f60de208d25ecfed11b8b7ad650') in 0.105924 seconds
Number of updated asset objects reloaded before import = 0
Number of asset objects unloaded after import = 2
========================================================================
Received Import Request.
  Time since last request: 0.000052 seconds.
  path: Assets/Esenario/_20_4.jpg
  artifactKey: Guid(b277a502ead971b469c0ce60aca69a60) Importer(815301076,1909f56bfc062723c751e8b465ee728b)
Start importing Assets/Esenario/_20_4.jpg using Guid(b277a502ead971b469c0ce60aca69a60) Importer(815301076,1909f56bfc062723c751e8b465ee728b)  -> (artifact id: 'd6ea2096e20bc713ee1f64c81d5ec717') in 0.088156 seconds
Number of updated asset objects reloaded before import = 0
Number of asset objects unloaded after import = 2
========================================================================
Received Import Request.
  Time since last request: 0.000606 seconds.
  path: Assets/Esenario/cactus_euphoria.png
  artifactKey: Guid(77aac20e84de9ac40ae1f63d8e727ab0) Importer(815301076,1909f56bfc062723c751e8b465ee728b)
Start importing Assets/Esenario/cactus_euphoria.png using Guid(77aac20e84de9ac40ae1f63d8e727ab0) Importer(815301076,1909f56bfc062723c751e8b465ee728b)  -> (artifact id: '2354f0e25c0eaf5cccba94ef6699a79f') in 0.192003 seconds
Number of updated asset objects reloaded before import = 0
Number of asset objects unloaded after import = 2
========================================================================
Received Import Request.
  Time since last request: 0.001037 seconds.
  path: Assets/Esenario/_Fencing_Mesh_Blue_2.png
  artifactKey: Guid(77241ab074a49f740918f11a1dc9d0a6) Importer(815301076,1909f56bfc062723c751e8b465ee728b)
Start importing Assets/Esenario/_Fencing_Mesh_Blue_2.png using Guid(77241ab074a49f740918f11a1dc9d0a6) Importer(815301076,1909f56bfc062723c751e8b465ee728b)  -> (artifact id: '51f88d5f083443582a92d1979a1ef22d') in 0.053729 seconds
Number of updated asset objects reloaded before import = 0
Number of asset objects unloaded after import = 2
========================================================================
Received Import Request.
  Time since last request: 0.000056 seconds.
  path: Assets/Esenario/MADERA_HAYA.jpg
  artifactKey: Guid(a6057366668832647ae0459474b56098) Importer(815301076,1909f56bfc062723c751e8b465ee728b)
Start importing Assets/Esenario/MADERA_HAYA.jpg using Guid(a6057366668832647ae0459474b56098) Importer(815301076,1909f56bfc062723c751e8b465ee728b)  -> (artifact id: 'f4a469328253aef24f8719af1faec233') in 0.101385 seconds
Number of updated asset objects reloaded before import = 0
Number of asset objects unloaded after import = 2
========================================================================
Received Import Request.
  Time since last request: 0.000039 seconds.
  path: Assets/Esenario/M_0_40_03_1_1.jpg
  artifactKey: Guid(62b8e20962a221641a5923027c1a1d8e) Importer(815301076,1909f56bfc062723c751e8b465ee728b)
Start importing Assets/Esenario/M_0_40_03_1_1.jpg using Guid(62b8e20962a221641a5923027c1a1d8e) Importer(815301076,1909f56bfc062723c751e8b465ee728b)  -> (artifact id: 'c27745d468d515252b630dd2f51705a3') in 0.087448 seconds
Number of updated asset objects reloaded before import = 0
Number of asset objects unloaded after import = 2
========================================================================
Received Import Request.
  Time since last request: 0.000429 seconds.
  path: Assets/Esenario/tornillo_estrella.jpg
  artifactKey: Guid(d4ce28ee2df3844448c69919d9fc9a8a) Importer(815301076,1909f56bfc062723c751e8b465ee728b)
Start importing Assets/Esenario/tornillo_estrella.jpg using Guid(d4ce28ee2df3844448c69919d9fc9a8a) Importer(815301076,1909f56bfc062723c751e8b465ee728b)  -> (artifact id: 'cb09f18ce8269526dcdfdf75b5ea007e') in 0.096485 seconds
Number of updated asset objects reloaded before import = 0
Number of asset objects unloaded after import = 2
========================================================================
Received Import Request.
  Time since last request: 0.000965 seconds.
  path: Assets/Esenario/M_7981_8.jpg
  artifactKey: Guid(433c9eaf8a34efb41a536561e11cc506) Importer(815301076,1909f56bfc062723c751e8b465ee728b)
Start importing Assets/Esenario/M_7981_8.jpg using Guid(433c9eaf8a34efb41a536561e11cc506) Importer(815301076,1909f56bfc062723c751e8b465ee728b)  -> (artifact id: 'c113f808a8220e54718abaff8bb1a3f7') in 0.473658 seconds
Number of updated asset objects reloaded before import = 0
Number of asset objects unloaded after import = 2
========================================================================
Received Import Request.
  Time since last request: 0.000138 seconds.
  path: Assets/Esenario/stuff.jpg
  artifactKey: Guid(9b9f6dc3e8bcc674fb250cfff91996d0) Importer(815301076,1909f56bfc062723c751e8b465ee728b)
Start importing Assets/Esenario/stuff.jpg using Guid(9b9f6dc3e8bcc674fb250cfff91996d0) Importer(815301076,1909f56bfc062723c751e8b465ee728b)  -> (artifact id: '6c404d1e1e909874b1d0e2e8081bf659') in 0.093393 seconds
Number of updated asset objects reloaded before import = 0
Number of asset objects unloaded after import = 2
========================================================================
Received Import Request.
  Time since last request: 0.000235 seconds.
  path: Assets/Esenario/Mat3d66_761635_10_2421dsda.jpg
  artifactKey: Guid(1998e80eb7ade0540bd9370c4697878f) Importer(815301076,1909f56bfc062723c751e8b465ee728b)
Start importing Assets/Esenario/Mat3d66_761635_10_2421dsda.jpg using Guid(1998e80eb7ade0540bd9370c4697878f) Importer(815301076,1909f56bfc062723c751e8b465ee728b)  -> (artifact id: '6e3fa810f4861844ac8a1d4d4ebd22fc') in 0.107378 seconds
Number of updated asset objects reloaded before import = 0
Number of asset objects unloaded after import = 2
========================================================================
Received Import Request.
  Time since last request: 0.000055 seconds.
  path: Assets/Esenario/Mirror_01.jpg
  artifactKey: Guid(2084c85f275932a4b80709bf4139a48d) Importer(815301076,1909f56bfc062723c751e8b465ee728b)
Start importing Assets/Esenario/Mirror_01.jpg using Guid(2084c85f275932a4b80709bf4139a48d) Importer(815301076,1909f56bfc062723c751e8b465ee728b)  -> (artifact id: '2c424b2d1c6be66aa59503deb452e9ea') in 0.066577 seconds
Number of updated asset objects reloaded before import = 0
Number of asset objects unloaded after import = 2
========================================================================
Received Import Request.
  Time since last request: 0.000063 seconds.
  path: Assets/Esenario/_Chalk_1.jpg
  artifactKey: Guid(7b1d599166ae9ae47bdf693dc75ed7f4) Importer(815301076,1909f56bfc062723c751e8b465ee728b)
Start importing Assets/Esenario/_Chalk_1.jpg using Guid(7b1d599166ae9ae47bdf693dc75ed7f4) Importer(815301076,1909f56bfc062723c751e8b465ee728b)  -> (artifact id: 'a6ca677fa44ad5efd130e9d4e428cfa8') in 0.068149 seconds
Number of updated asset objects reloaded before import = 0
Number of asset objects unloaded after import = 2
========================================================================
Received Import Request.
  Time since last request: 0.000114 seconds.
  path: Assets/Esenario/EXTINTOR_Fire_3.jpg
  artifactKey: Guid(33d23d979da467b48876e17e8df72324) Importer(815301076,1909f56bfc062723c751e8b465ee728b)
Start importing Assets/Esenario/EXTINTOR_Fire_3.jpg using Guid(33d23d979da467b48876e17e8df72324) Importer(815301076,1909f56bfc062723c751e8b465ee728b)  -> (artifact id: 'f899cd2189c079d38281ac91278d3fa9') in 0.590642 seconds
Number of updated asset objects reloaded before import = 0
Number of asset objects unloaded after import = 2
========================================================================
Received Import Request.
  Time since last request: 0.000036 seconds.
  path: Assets/Esenario/EXTINTOR_Fire_4.jpg
  artifactKey: Guid(fac59825f0b1add4982b472a3b5889d4) Importer(815301076,1909f56bfc062723c751e8b465ee728b)
Start importing Assets/Esenario/EXTINTOR_Fire_4.jpg using Guid(fac59825f0b1add4982b472a3b5889d4) Importer(815301076,1909f56bfc062723c751e8b465ee728b)  -> (artifact id: '756cd8e3b37c656de1b279a4de687b25') in 0.298083 seconds
Number of updated asset objects reloaded before import = 0
Number of asset objects unloaded after import = 2
========================================================================
Received Import Request.
  Time since last request: 0.000166 seconds.
  path: Assets/Esenario/bf3e62bdb3392c7af8ca48dc4ba34f8f.jpg
  artifactKey: Guid(d76dfd7c024900941bb0db65a3f96a06) Importer(815301076,1909f56bfc062723c751e8b465ee728b)
Start importing Assets/Esenario/bf3e62bdb3392c7af8ca48dc4ba34f8f.jpg using Guid(d76dfd7c024900941bb0db65a3f96a06) Importer(815301076,1909f56bfc062723c751e8b465ee728b)  -> (artifact id: 'a50fae29e0e5f87a558187107b112a99') in 0.361199 seconds
Number of updated asset objects reloaded before import = 0
Number of asset objects unloaded after import = 2
========================================================================
Received Import Request.
  Time since last request: 0.000040 seconds.
  path: Assets/Esenario/Polished_Concrete_New.jpg
  artifactKey: Guid(d7c44c7990b13f44eb886cb174c89584) Importer(815301076,1909f56bfc062723c751e8b465ee728b)
Start importing Assets/Esenario/Polished_Concrete_New.jpg using Guid(d7c44c7990b13f44eb886cb174c89584) Importer(815301076,1909f56bfc062723c751e8b465ee728b)  -> (artifact id: '4b892dc7aa82bf54499061852e3a4150') in 0.203310 seconds
Number of updated asset objects reloaded before import = 0
Number of asset objects unloaded after import = 2
========================================================================
Received Import Request.
  Time since last request: 0.001092 seconds.
  path: Assets/Esenario/Color_001.jpg
  artifactKey: Guid(216b69c20c49bbf41a4e2870cea3f403) Importer(815301076,1909f56bfc062723c751e8b465ee728b)
Start importing Assets/Esenario/Color_001.jpg using Guid(216b69c20c49bbf41a4e2870cea3f403) Importer(815301076,1909f56bfc062723c751e8b465ee728b)  -> (artifact id: '53d13bb3f84a7a0c72892c4f4bf8ba1c') in 0.134251 seconds
Number of updated asset objects reloaded before import = 0
Number of asset objects unloaded after import = 2
========================================================================
Received Import Request.
  Time since last request: 0.004547 seconds.
  path: Assets/Esenario/M_7da0385f08a1af7c2fc589ad8e3c784d.jpg
  artifactKey: Guid(9bcf8fd366d5e064b95ff70048f9c6ba) Importer(815301076,1909f56bfc062723c751e8b465ee728b)
Start importing Assets/Esenario/M_7da0385f08a1af7c2fc589ad8e3c784d.jpg using Guid(9bcf8fd366d5e064b95ff70048f9c6ba) Importer(815301076,1909f56bfc062723c751e8b465ee728b)  -> (artifact id: '1328783022430221d716d30fe20fe2cf') in 0.078567 seconds
Number of updated asset objects reloaded before import = 0
Number of asset objects unloaded after import = 2
========================================================================
Received Import Request.
  Time since last request: 0.000051 seconds.
  path: Assets/Esenario/zine_revistaraiz04.jpg
  artifactKey: Guid(ea95c50ed48784d4a8b0434b3b3709f1) Importer(815301076,1909f56bfc062723c751e8b465ee728b)
Start importing Assets/Esenario/zine_revistaraiz04.jpg using Guid(ea95c50ed48784d4a8b0434b3b3709f1) Importer(815301076,1909f56bfc062723c751e8b465ee728b)  -> (artifact id: 'ac2c50dc06cebec18d0cbddc49da181e') in 0.072105 seconds
Number of updated asset objects reloaded before import = 0
Number of asset objects unloaded after import = 2
========================================================================
Received Import Request.
  Time since last request: 0.000040 seconds.
  path: Assets/Esenario/Blinds_Cellular_White.jpg
  artifactKey: Guid(e90908a4f3a4e1142af37b53c41e5056) Importer(815301076,1909f56bfc062723c751e8b465ee728b)
Start importing Assets/Esenario/Blinds_Cellular_White.jpg using Guid(e90908a4f3a4e1142af37b53c41e5056) Importer(815301076,1909f56bfc062723c751e8b465ee728b)  -> (artifact id: 'cbdfcb3c4ee24ead56e8e8c46bcc4b6b') in 0.076855 seconds
Number of updated asset objects reloaded before import = 0
Number of asset objects unloaded after import = 2
========================================================================
Received Import Request.
  Time since last request: 0.000052 seconds.
  path: Assets/Esenario/cactus_euphoria_top.png
  artifactKey: Guid(f6d80cea633a3a349aa12d5ed7e938e7) Importer(815301076,1909f56bfc062723c751e8b465ee728b)
Start importing Assets/Esenario/cactus_euphoria_top.png using Guid(f6d80cea633a3a349aa12d5ed7e938e7) Importer(815301076,1909f56bfc062723c751e8b465ee728b)  -> (artifact id: 'ea23e9245dcfef6e6cca246901a9252e') in 0.043488 seconds
Number of updated asset objects reloaded before import = 0
Number of asset objects unloaded after import = 2
========================================================================
Received Prepare
Refreshing native plugins compatible for Editor in 14.65 ms, found 4 plugins.
Preloading 0 native plugins for Editor in 0.00 ms.
Unloading 37 Unused Serialized files (Serialized files now loaded: 0)
Unloading 35 unused Assets / (3.4 MB). Loaded Objects now: 7168.
Memory consumption went from 130.4 MB to 127.0 MB.
Total: 265.473900 ms (FindLiveObjects: 1.762500 ms CreateObjectMapping: 0.827900 ms MarkObjects: 259.964100 ms  DeleteObjects: 2.914600 ms)

Prepare: number of updated asset objects reloaded= 1
AssetImportParameters requested are different than current active one (requested -> active):
  custom:container-demuxer-ogg: 62fdf1f143b41e24485cea50d1cbac27 -> 
  custom:framework-win-MediaFoundation: 216162199b28c13a410421893ffa2e32 -> 
  custom:container-muxer-webm: aa71ff27fc2769a1b78a27578f13a17b -> 
  custom:video-decoder-webm-vp8: 9c59270c3fd7afecdb556c50c9e8de78 -> 
  custom:SearchIndexIgnoredProperties: e643bd26f0fe6173181afceb89e7c659 -> 
  custom:AudioImporter_EditorPlatform: d09bf68614088b80899f8185d706f6e7 -> 
  custom:audio-decoder-ogg-vorbis: bf7c407c2cedff20999df2af8eb42d56 -> 
  custom:audio-encoder-webm-vorbis: bf7c407c2cedff20999df2af8eb42d56 -> 
  custom:video-codec-MediaFoundation-h265: 746d11721c4dcdbdad8f713fa42b33f4 -> 
  custom:video-decoder-ogg-theora: a1e56fd34408186e4bbccfd4996cb3dc -> 
  custom:CustomObjectIndexerAttribute: 72b91833f83ae208fae7752999fa3104 -> 
  custom:container-demuxer-webm: 4f35f7cbe854078d1ac9338744f61a02 -> 
  custom:video-encoder-webm-vp8: eb34c28f22e8b96e1ab97ce403110664 -> 
