Using pre-set license
Built from '2022.3/staging' branch; Version is '2022.3.28f1 (6bae5ce6b222) revision 7056988'; Using compiler version '192829333'; Build Type 'Release'
OS: 'Windows 11  (10.0.22631) 64bit Enterprise' Language: 'es' Physical Memory: 8066 MB
BatchMode: 1, IsHumanControllingUs: 0, StartBugReporterOnCrash: 0, Is64bit: 1, IsPro: 1

COMMAND LINE ARGUMENTS:
C:\Program Files\Unity\Hub\Editor\2022.3.28f1\Editor\Unity.exe
-adb2
-batchMode
-noUpm
-name
AssetImportWorker0
-projectPath
D:/unityMobile
-logFile
Logs/AssetImportWorker0.log
-srvPort
54525
Successfully changed project path to: D:/unityMobile
D:/unityMobile
[UnityMemory] Configuration Parameters - Can be set up in boot.config
    "memorysetup-bucket-allocator-granularity=16"
    "memorysetup-bucket-allocator-bucket-count=8"
    "memorysetup-bucket-allocator-block-size=33554432"
    "memorysetup-bucket-allocator-block-count=8"
    "memorysetup-main-allocator-block-size=16777216"
    "memorysetup-thread-allocator-block-size=16777216"
    "memorysetup-gfx-main-allocator-block-size=16777216"
    "memorysetup-gfx-thread-allocator-block-size=16777216"
    "memorysetup-cache-allocator-block-size=4194304"
    "memorysetup-typetree-allocator-block-size=2097152"
    "memorysetup-profiler-bucket-allocator-granularity=16"
    "memorysetup-profiler-bucket-allocator-bucket-count=8"
    "memorysetup-profiler-bucket-allocator-block-size=33554432"
    "memorysetup-profiler-bucket-allocator-block-count=8"
    "memorysetup-profiler-allocator-block-size=16777216"
    "memorysetup-profiler-editor-allocator-block-size=1048576"
    "memorysetup-temp-allocator-size-main=16777216"
    "memorysetup-job-temp-allocator-block-size=2097152"
    "memorysetup-job-temp-allocator-block-size-background=1048576"
    "memorysetup-job-temp-allocator-reduction-small-platforms=262144"
    "memorysetup-allocator-temp-initial-block-size-main=262144"
    "memorysetup-allocator-temp-initial-block-size-worker=262144"
    "memorysetup-temp-allocator-size-background-worker=32768"
    "memorysetup-temp-allocator-size-job-worker=262144"
    "memorysetup-temp-allocator-size-preload-manager=33554432"
    "memorysetup-temp-allocator-size-nav-mesh-worker=65536"
    "memorysetup-temp-allocator-size-audio-worker=65536"
    "memorysetup-temp-allocator-size-cloud-worker=32768"
    "memorysetup-temp-allocator-size-gi-baking-worker=262144"
    "memorysetup-temp-allocator-size-gfx=262144"
Player connection [8524] Host "[IP] 192.168.56.1 [Port] 0 [Flags] 2 [Guid] 4142388414 [EditorId] 4142388414 [Version] 1048832 [Id] WindowsEditor(7,Cristopher) [Debug] 1 [PackageName] WindowsEditor [ProjectName] Editor" joined multi-casting on [225.0.0.222:54997]...

Player connection [8524] Host "[IP] 192.168.56.1 [Port] 0 [Flags] 2 [Guid] 4142388414 [EditorId] 4142388414 [Version] 1048832 [Id] WindowsEditor(7,Cristopher) [Debug] 1 [PackageName] WindowsEditor [ProjectName] Editor" joined alternative multi-casting on [225.0.0.222:34997]...

[Physics::Module] Initialized MultithreadedJobDispatcher with 7 workers.
Refreshing native plugins compatible for Editor in 93.18 ms, found 4 plugins.
Preloading 0 native plugins for Editor in 0.00 ms.
Initialize engine version: 2022.3.28f1 (6bae5ce6b222)
[Subsystems] Discovering subsystems at path C:/Program Files/Unity/Hub/Editor/2022.3.28f1/Editor/Data/Resources/UnitySubsystems
[Subsystems] Discovering subsystems at path D:/unityMobile/Assets
GfxDevice: creating device client; threaded=0; jobified=0
Direct3D:
    Version:  Direct3D 11.0 [level 11.1]
    Renderer: Intel(R) UHD Graphics 620 (ID=0x5917)
    Vendor:   Intel
    VRAM:     4033 MB
    Driver:   27.20.100.9565
Initialize mono
Mono path[0] = 'C:/Program Files/Unity/Hub/Editor/2022.3.28f1/Editor/Data/Managed'
Mono path[1] = 'C:/Program Files/Unity/Hub/Editor/2022.3.28f1/Editor/Data/MonoBleedingEdge/lib/mono/unityjit-win32'
Mono config path = 'C:/Program Files/Unity/Hub/Editor/2022.3.28f1/Editor/Data/MonoBleedingEdge/etc'
Using monoOptions --debugger-agent=transport=dt_socket,embedding=1,server=y,suspend=n,address=127.0.0.1:56428
Begin MonoManager ReloadAssembly
Registering precompiled unity dll's ...
Register platform support module: C:/Program Files/Unity/Hub/Editor/2022.3.28f1/Editor/Data/PlaybackEngines/WebGLSupport/UnityEditor.WebGL.Extensions.dll
Register platform support module: C:/Program Files/Unity/Hub/Editor/2022.3.28f1/Editor/Data/PlaybackEngines/AndroidPlayer/UnityEditor.Android.Extensions.dll
Register platform support module: C:/Program Files/Unity/Hub/Editor/2022.3.28f1/Editor/Data/PlaybackEngines/WindowsStandaloneSupport/UnityEditor.WindowsStandalone.Extensions.dll
Registered in 0.036131 seconds.
- Loaded All Assemblies, in  1.983 seconds
Native extension for WindowsStandalone target not found
Native extension for Android target not found
Android Extension - Scanning For ADB Devices 1563 ms
Native extension for WebGL target not found
Mono: successfully reloaded assembly
- Finished resetting the current domain, in  3.092 seconds
Domain Reload Profiling: 5076ms
	BeginReloadAssembly (654ms)
		ExecutionOrderSort (0ms)
		DisableScriptedObjects (0ms)
		BackupInstance (0ms)
		ReleaseScriptingObjects (0ms)
		CreateAndSetChildDomain (2ms)
	RebuildCommonClasses (182ms)
	RebuildNativeTypeToScriptingClass (47ms)
	initialDomainReloadingComplete (320ms)
	LoadAllAssembliesAndSetupDomain (772ms)
		LoadAssemblies (657ms)
		RebuildTransferFunctionScriptingTraits (0ms)
		AnalyzeDomain (751ms)
			TypeCache.Refresh (741ms)
				TypeCache.ScanAssembly (694ms)
			ScanForSourceGeneratedMonoScriptInfo (1ms)
			ResolveRequiredComponents (4ms)
	FinalizeReload (3100ms)
		ReleaseScriptCaches (0ms)
		RebuildScriptCaches (0ms)
		SetupLoadedEditorAssemblies (2850ms)
			LogAssemblyErrors (0ms)
			InitializePlatformSupportModulesInManaged (2035ms)
			SetLoadedEditorAssemblies (23ms)
			RefreshPlugins (0ms)
			BeforeProcessingInitializeOnLoad (11ms)
			ProcessInitializeOnLoadAttributes (525ms)
			ProcessInitializeOnLoadMethodAttributes (253ms)
			AfterProcessingInitializeOnLoad (1ms)
			EditorAssembliesLoaded (3ms)
		ExecutionOrderSort2 (0ms)
		AwakeInstancesAfterBackupRestoration (0ms)
========================================================================
Worker process is ready to serve import requests
Begin MonoManager ReloadAssembly
- Loaded All Assemblies, in  5.835 seconds
Refreshing native plugins compatible for Editor in 232.27 ms, found 4 plugins.
Native extension for WindowsStandalone target not found
Native extension for Android target not found
Native extension for WebGL target not found
Package Manager log level set to [2]
[Package Manager] Server::EnsureServerProcessIsRunning -- launch failed, reason: Unity was launched with the -noUpm command-line argument
[Package Manager] UpmClient::Send -- Unable to send message (not connected to UPM process).
[Package Manager] Cannot connect to Unity Package Manager local server
[Package Manager] Server::EnsureServerProcessIsRunning -- launch failed, reason: Unity was launched with the -noUpm command-line argument
[Package Manager] UpmClient::Send -- Unable to send message (not connected to UPM process).
[Package Manager] Cannot connect to Unity Package Manager local server
Mono: successfully reloaded assembly
[Package Manager] Server::EnsureServerProcessIsRunning -- launch failed, reason: Unity was launched with the -noUpm command-line argument
[Package Manager] UpmClient::Send -- Unable to send message (not connected to UPM process).
[Package Manager] Cannot connect to Unity Package Manager local server
[Package Manager] Server::EnsureServerProcessIsRunning -- launch failed, reason: Unity was launched with the -noUpm command-line argument
[Package Manager] UpmClient::Send -- Unable to send message (not connected to UPM process).
[Package Manager] Cannot connect to Unity Package Manager local server
- Finished resetting the current domain, in  7.388 seconds
Domain Reload Profiling: 13256ms
	BeginReloadAssembly (579ms)
		ExecutionOrderSort (0ms)
		DisableScriptedObjects (27ms)
		BackupInstance (0ms)
		ReleaseScriptingObjects (3ms)
		CreateAndSetChildDomain (111ms)
	RebuildCommonClasses (92ms)
	RebuildNativeTypeToScriptingClass (22ms)
	initialDomainReloadingComplete (157ms)
	LoadAllAssembliesAndSetupDomain (5017ms)
		LoadAssemblies (1644ms)
		RebuildTransferFunctionScriptingTraits (0ms)
		AnalyzeDomain (3627ms)
			TypeCache.Refresh (2707ms)
				TypeCache.ScanAssembly (2487ms)
			ScanForSourceGeneratedMonoScriptInfo (520ms)
			ResolveRequiredComponents (378ms)
	FinalizeReload (7389ms)
		ReleaseScriptCaches (0ms)
		RebuildScriptCaches (0ms)
		SetupLoadedEditorAssemblies (4831ms)
			LogAssemblyErrors (0ms)
			InitializePlatformSupportModulesInManaged (244ms)
			SetLoadedEditorAssemblies (21ms)
			RefreshPlugins (0ms)
			BeforeProcessingInitializeOnLoad (677ms)
			ProcessInitializeOnLoadAttributes (3242ms)
			ProcessInitializeOnLoadMethodAttributes (609ms)
			AfterProcessingInitializeOnLoad (35ms)
			EditorAssembliesLoaded (3ms)
		ExecutionOrderSort2 (0ms)
		AwakeInstancesAfterBackupRestoration (35ms)
Launched and connected shader compiler UnityShaderCompiler.exe after 0.32 seconds
Refreshing native plugins compatible for Editor in 26.20 ms, found 4 plugins.
Preloading 0 native plugins for Editor in 0.00 ms.
Unloading 6721 Unused Serialized files (Serialized files now loaded: 0)
Unloading 118 unused Assets / (3.4 MB). Loaded Objects now: 7155.
Memory consumption went from 257.8 MB to 254.4 MB.
Total: 43.084000 ms (FindLiveObjects: 1.839500 ms CreateObjectMapping: 6.479500 ms MarkObjects: 23.123400 ms  DeleteObjects: 11.636800 ms)

AssetImportParameters requested are different than current active one (requested -> active):
  custom:container-demuxer-ogg: 62fdf1f143b41e24485cea50d1cbac27 -> 
  custom:framework-win-MediaFoundation: 216162199b28c13a410421893ffa2e32 -> 
  custom:container-muxer-webm: aa71ff27fc2769a1b78a27578f13a17b -> 
  custom:video-decoder-webm-vp8: 9c59270c3fd7afecdb556c50c9e8de78 -> 
  custom:SearchIndexIgnoredProperties: e643bd26f0fe6173181afceb89e7c659 -> 
  custom:AudioImporter_EditorPlatform: d09bf68614088b80899f8185d706f6e7 -> 
  custom:audio-decoder-ogg-vorbis: bf7c407c2cedff20999df2af8eb42d56 -> 
  custom:audio-encoder-webm-vorbis: bf7c407c2cedff20999df2af8eb42d56 -> 
  custom:video-codec-MediaFoundation-h265: 746d11721c4dcdbdad8f713fa42b33f4 -> 
  custom:video-decoder-ogg-theora: a1e56fd34408186e4bbccfd4996cb3dc -> 
  custom:CustomObjectIndexerAttribute: 72b91833f83ae208fae7752999fa3104 -> 
  custom:container-demuxer-webm: 4f35f7cbe854078d1ac9338744f61a02 -> 
  custom:video-encoder-webm-vp8: eb34c28f22e8b96e1ab97ce403110664 -> 
========================================================================
Received Import Request.
  Time since last request: 16328.328429 seconds.
  path: Assets/Esenario/_20_1.jpg
  artifactKey: Guid(17aac955c4e37a0428900074e33560c8) Importer(815301076,1909f56bfc062723c751e8b465ee728b)
Start importing Assets/Esenario/_20_1.jpg using Guid(17aac955c4e37a0428900074e33560c8) Importer(815301076,1909f56bfc062723c751e8b465ee728b)  -> (artifact id: '295505398b0ae6a145ad9d44eec80573') in 1.011599 seconds
Number of updated asset objects reloaded before import = 0
Number of asset objects unloaded after import = 2
========================================================================
Received Import Request.
  Time since last request: 0.000131 seconds.
  path: Assets/Esenario/_20.jpg
  artifactKey: Guid(9e5289cb1bfecf245bcd1375ba0bbf54) Importer(815301076,1909f56bfc062723c751e8b465ee728b)
Start importing Assets/Esenario/_20.jpg using Guid(9e5289cb1bfecf245bcd1375ba0bbf54) Importer(815301076,1909f56bfc062723c751e8b465ee728b)  -> (artifact id: 'db2063c50b3154b69b18a145f33589cd') in 0.139831 seconds
Number of updated asset objects reloaded before import = 0
Number of asset objects unloaded after import = 2
========================================================================
Received Prepare
Begin MonoManager ReloadAssembly
- Loaded All Assemblies, in  5.077 seconds
Refreshing native plugins compatible for Editor in 20.65 ms, found 4 plugins.
Native extension for WindowsStandalone target not found
Native extension for Android target not found
Native extension for WebGL target not found
[Package Manager] Server::EnsureServerProcessIsRunning -- launch failed, reason: Unity was launched with the -noUpm command-line argument
[Package Manager] UpmClient::Send -- Unable to send message (not connected to UPM process).
[Package Manager] Cannot connect to Unity Package Manager local server
[Package Manager] Server::EnsureServerProcessIsRunning -- launch failed, reason: Unity was launched with the -noUpm command-line argument
[Package Manager] UpmClient::Send -- Unable to send message (not connected to UPM process).
[Package Manager] Cannot connect to Unity Package Manager local server
Mono: successfully reloaded assembly
[Package Manager] Server::EnsureServerProcessIsRunning -- launch failed, reason: Unity was launched with the -noUpm command-line argument
[Package Manager] UpmClient::Send -- Unable to send message (not connected to UPM process).
[Package Manager] Cannot connect to Unity Package Manager local server
- Finished resetting the current domain, in 14.523 seconds
Domain Reload Profiling: 19593ms
	BeginReloadAssembly (2256ms)
		ExecutionOrderSort (0ms)
		DisableScriptedObjects (63ms)
		BackupInstance (0ms)
		ReleaseScriptingObjects (0ms)
		CreateAndSetChildDomain (858ms)
	RebuildCommonClasses (212ms)
	RebuildNativeTypeToScriptingClass (40ms)
	initialDomainReloadingComplete (114ms)
	LoadAllAssembliesAndSetupDomain (2445ms)
		LoadAssemblies (2840ms)
		RebuildTransferFunctionScriptingTraits (0ms)
		AnalyzeDomain (211ms)
			TypeCache.Refresh (56ms)
				TypeCache.ScanAssembly (0ms)
			ScanForSourceGeneratedMonoScriptInfo (2ms)
			ResolveRequiredComponents (135ms)
	FinalizeReload (14528ms)
		ReleaseScriptCaches (0ms)
		RebuildScriptCaches (0ms)
		SetupLoadedEditorAssemblies (3527ms)
			LogAssemblyErrors (0ms)
			InitializePlatformSupportModulesInManaged (236ms)
			SetLoadedEditorAssemblies (29ms)
			RefreshPlugins (0ms)
			BeforeProcessingInitializeOnLoad (1111ms)
			ProcessInitializeOnLoadAttributes (1920ms)
			ProcessInitializeOnLoadMethodAttributes (215ms)
			AfterProcessingInitializeOnLoad (14ms)
			EditorAssembliesLoaded (1ms)
		ExecutionOrderSort2 (0ms)
		AwakeInstancesAfterBackupRestoration (31ms)
Refreshing native plugins compatible for Editor in 32.29 ms, found 4 plugins.
Preloading 0 native plugins for Editor in 0.00 ms.
Unloading 6564 Unused Serialized files (Serialized files now loaded: 0)
Unloading 80 unused Assets / (3.5 MB). Loaded Objects now: 7163.
Memory consumption went from 231.9 MB to 228.4 MB.
Total: 35.712400 ms (FindLiveObjects: 1.295800 ms CreateObjectMapping: 2.990100 ms MarkObjects: 23.870600 ms  DeleteObjects: 7.464800 ms)

Prepare: number of updated asset objects reloaded= 0
AssetImportParameters requested are different than current active one (requested -> active):
  custom:container-demuxer-ogg: 62fdf1f143b41e24485cea50d1cbac27 -> 
  custom:framework-win-MediaFoundation: 216162199b28c13a410421893ffa2e32 -> 
  custom:container-muxer-webm: aa71ff27fc2769a1b78a27578f13a17b -> 
  custom:video-decoder-webm-vp8: 9c59270c3fd7afecdb556c50c9e8de78 -> 
  custom:SearchIndexIgnoredProperties: e643bd26f0fe6173181afceb89e7c659 -> 
  custom:AudioImporter_EditorPlatform: d09bf68614088b80899f8185d706f6e7 -> 
  custom:audio-decoder-ogg-vorbis: bf7c407c2cedff20999df2af8eb42d56 -> 
  custom:audio-encoder-webm-vorbis: bf7c407c2cedff20999df2af8eb42d56 -> 
  custom:video-codec-MediaFoundation-h265: 746d11721c4dcdbdad8f713fa42b33f4 -> 
  custom:video-decoder-ogg-theora: a1e56fd34408186e4bbccfd4996cb3dc -> 
  custom:CustomObjectIndexerAttribute: 72b91833f83ae208fae7752999fa3104 -> 
  custom:container-demuxer-webm: 4f35f7cbe854078d1ac9338744f61a02 -> 
  custom:video-encoder-webm-vp8: eb34c28f22e8b96e1ab97ce403110664 -> 
========================================================================
Received Prepare
Begin MonoManager ReloadAssembly
- Loaded All Assemblies, in  1.254 seconds
Refreshing native plugins compatible for Editor in 11.78 ms, found 4 plugins.
Native extension for WindowsStandalone target not found
Native extension for Android target not found
Native extension for WebGL target not found
[Package Manager] Server::EnsureServerProcessIsRunning -- launch failed, reason: Unity was launched with the -noUpm command-line argument
[Package Manager] UpmClient::Send -- Unable to send message (not connected to UPM process).
[Package Manager] Cannot connect to Unity Package Manager local server
[Package Manager] Server::EnsureServerProcessIsRunning -- launch failed, reason: Unity was launched with the -noUpm command-line argument
[Package Manager] UpmClient::Send -- Unable to send message (not connected to UPM process).
[Package Manager] Cannot connect to Unity Package Manager local server
Mono: successfully reloaded assembly
[Package Manager] Server::EnsureServerProcessIsRunning -- launch failed, reason: Unity was launched with the -noUpm command-line argument
[Package Manager] UpmClient::Send -- Unable to send message (not connected to UPM process).
[Package Manager] Cannot connect to Unity Package Manager local server
- Finished resetting the current domain, in  4.810 seconds
Domain Reload Profiling: 6062ms
	BeginReloadAssembly (453ms)
		ExecutionOrderSort (0ms)
		DisableScriptedObjects (15ms)
		BackupInstance (0ms)
		ReleaseScriptingObjects (0ms)
		CreateAndSetChildDomain (133ms)
	RebuildCommonClasses (88ms)
	RebuildNativeTypeToScriptingClass (36ms)
	initialDomainReloadingComplete (65ms)
	LoadAllAssembliesAndSetupDomain (609ms)
		LoadAssemblies (759ms)
		RebuildTransferFunctionScriptingTraits (0ms)
		AnalyzeDomain (68ms)
			TypeCache.Refresh (12ms)
				TypeCache.ScanAssembly (0ms)
			ScanForSourceGeneratedMonoScriptInfo (1ms)
			ResolveRequiredComponents (53ms)
	FinalizeReload (4811ms)
		ReleaseScriptCaches (0ms)
		RebuildScriptCaches (0ms)
		SetupLoadedEditorAssemblies (1858ms)
			LogAssemblyErrors (0ms)
			InitializePlatformSupportModulesInManaged (69ms)
			SetLoadedEditorAssemblies (7ms)
			RefreshPlugins (0ms)
			BeforeProcessingInitializeOnLoad (187ms)
			ProcessInitializeOnLoadAttributes (1428ms)
			ProcessInitializeOnLoadMethodAttributes (157ms)
			AfterProcessingInitializeOnLoad (9ms)
			EditorAssembliesLoaded (1ms)
		ExecutionOrderSort2 (0ms)
		AwakeInstancesAfterBackupRestoration (22ms)
Refreshing native plugins compatible for Editor in 7.89 ms, found 4 plugins.
Preloading 0 native plugins for Editor in 0.00 ms.
Unloading 6564 Unused Serialized files (Serialized files now loaded: 0)
Unloading 80 unused Assets / (3.4 MB). Loaded Objects now: 7168.
Memory consumption went from 231.8 MB to 228.4 MB.
Total: 33.271500 ms (FindLiveObjects: 0.958900 ms CreateObjectMapping: 0.900900 ms MarkObjects: 23.197900 ms  DeleteObjects: 8.207900 ms)

Prepare: number of updated asset objects reloaded= 0
AssetImportParameters requested are different than current active one (requested -> active):
  custom:container-demuxer-ogg: 62fdf1f143b41e24485cea50d1cbac27 -> 
  custom:framework-win-MediaFoundation: 216162199b28c13a410421893ffa2e32 -> 
  custom:container-muxer-webm: aa71ff27fc2769a1b78a27578f13a17b -> 
  custom:video-decoder-webm-vp8: 9c59270c3fd7afecdb556c50c9e8de78 -> 
  custom:SearchIndexIgnoredProperties: e643bd26f0fe6173181afceb89e7c659 -> 
  custom:AudioImporter_EditorPlatform: d09bf68614088b80899f8185d706f6e7 -> 
  custom:audio-decoder-ogg-vorbis: bf7c407c2cedff20999df2af8eb42d56 -> 
  custom:audio-encoder-webm-vorbis: bf7c407c2cedff20999df2af8eb42d56 -> 
  custom:video-codec-MediaFoundation-h265: 746d11721c4dcdbdad8f713fa42b33f4 -> 
  custom:video-decoder-ogg-theora: a1e56fd34408186e4bbccfd4996cb3dc -> 
  custom:CustomObjectIndexerAttribute: 72b91833f83ae208fae7752999fa3104 -> 
  custom:container-demuxer-webm: 4f35f7cbe854078d1ac9338744f61a02 -> 
  custom:video-encoder-webm-vp8: eb34c28f22e8b96e1ab97ce403110664 -> 
========================================================================
Received Import Request.
  Time since last request: 732.120587 seconds.
  path: Assets/Esenario/_1.jpg
  artifactKey: Guid(e9d8e4d3bee29854f9e74d1d5595aea4) Importer(815301076,1909f56bfc062723c751e8b465ee728b)
Start importing Assets/Esenario/_1.jpg using Guid(e9d8e4d3bee29854f9e74d1d5595aea4) Importer(815301076,1909f56bfc062723c751e8b465ee728b)  -> (artifact id: '2e120023791c033bbb9d44801e518a37') in 0.353204 seconds
Number of updated asset objects reloaded before import = 0
Number of asset objects unloaded after import = 2
========================================================================
Received Import Request.
  Time since last request: 0.000049 seconds.
  path: Assets/Esenario/_8.jpg
  artifactKey: Guid(97fcc11d30e3b684184a254450a5bcbe) Importer(815301076,1909f56bfc062723c751e8b465ee728b)
Start importing Assets/Esenario/_8.jpg using Guid(97fcc11d30e3b684184a254450a5bcbe) Importer(815301076,1909f56bfc062723c751e8b465ee728b)  -> (artifact id: '4eaf84eb1847208b946b2261dfd39bf7') in 0.085104 seconds
Number of updated asset objects reloaded before import = 0
Number of asset objects unloaded after import = 2
========================================================================
Received Import Request.
  Time since last request: 0.000040 seconds.
  path: Assets/Esenario/_13.png
  artifactKey: Guid(230ef8c4b5a77af4eb0dcbf8e9d32635) Importer(815301076,1909f56bfc062723c751e8b465ee728b)
Start importing Assets/Esenario/_13.png using Guid(230ef8c4b5a77af4eb0dcbf8e9d32635) Importer(815301076,1909f56bfc062723c751e8b465ee728b)  -> (artifact id: 'b4d1a94d7f42d3ce51ead65e8c28c86a') in 0.099567 seconds
Number of updated asset objects reloaded before import = 0
Number of asset objects unloaded after import = 2
========================================================================
Received Import Request.
  Time since last request: 0.000092 seconds.
  path: Assets/Esenario/_7.jpg
  artifactKey: Guid(3636368fe73ece849ba1a7b17265c177) Importer(815301076,1909f56bfc062723c751e8b465ee728b)
Start importing Assets/Esenario/_7.jpg using Guid(3636368fe73ece849ba1a7b17265c177) Importer(815301076,1909f56bfc062723c751e8b465ee728b)  -> (artifact id: 'd5507931127781f8b0feed6382e66d0b') in 0.084019 seconds
Number of updated asset objects reloaded before import = 0
Number of asset objects unloaded after import = 2
========================================================================
Received Import Request.
  Time since last request: 17.568731 seconds.
  path: Assets/Extintor.fbx
  artifactKey: Guid(f8d31ae4cb031c846b324ee42292d17f) Importer(815301076,1909f56bfc062723c751e8b465ee728b)
Start importing Assets/Extintor.fbx using Guid(f8d31ae4cb031c846b324ee42292d17f) Importer(815301076,1909f56bfc062723c751e8b465ee728b)  -> (artifact id: '4a6acd6e1441532fcb0dcbd976c9297c') in 1.390073 seconds
Number of updated asset objects reloaded before import = 0
Number of asset objects unloaded after import = 33
========================================================================
Received Import Request.
  Time since last request: 82.036837 seconds.
  path: Assets/Extintor.fbx
  artifactKey: Guid(f8d31ae4cb031c846b324ee42292d17f) Importer(815301076,1909f56bfc062723c751e8b465ee728b)
Start importing Assets/Extintor.fbx using Guid(f8d31ae4cb031c846b324ee42292d17f) Importer(815301076,1909f56bfc062723c751e8b465ee728b)  -> (artifact id: '7d530f049b68f883839e60102b67778a') in 0.096793 seconds
Number of updated asset objects reloaded before import = 0
Number of asset objects unloaded after import = 15
========================================================================
Received Import Request.
  Time since last request: 83.649743 seconds.
  path: Assets/Samples/XR Interaction Toolkit/2.5.2/AR Starter Assets/ARDemoSceneAssets/Models/Primitive_Cube_Debug.fbx
  artifactKey: Guid(f396e3429a4864fc2ad497cb3ce5fe2c) Importer(815301076,1909f56bfc062723c751e8b465ee728b)
Start importing Assets/Samples/XR Interaction Toolkit/2.5.2/AR Starter Assets/ARDemoSceneAssets/Models/Primitive_Cube_Debug.fbx using Guid(f396e3429a4864fc2ad497cb3ce5fe2c) Importer(815301076,1909f56bfc062723c751e8b465ee728b)  -> (artifact id: 'b3c472a492901e12b1b1676874da1951') in 0.191800 seconds
Number of updated asset objects reloaded before import = 0
Number of asset objects unloaded after import = 26
========================================================================
Received Import Request.
  Time since last request: 0.000049 seconds.
  path: Assets/Esenario/Materials/Esenario-[0131_Silver].mat
  artifactKey: Guid(426d98fcfa3553c4dafebe0379f59c3d) Importer(815301076,1909f56bfc062723c751e8b465ee728b)
Start importing Assets/Esenario/Materials/Esenario-[0131_Silver].mat using Guid(426d98fcfa3553c4dafebe0379f59c3d) Importer(815301076,1909f56bfc062723c751e8b465ee728b)  -> (artifact id: '102d2700341837faa8dffc4344358d32') in 0.087863 seconds
Number of updated asset objects reloaded before import = 0
Number of asset objects unloaded after import = 2
========================================================================
Received Import Request.
  Time since last request: 0.000057 seconds.
  path: Assets/Esenario/Materials/Esenario-[Color_007].mat
  artifactKey: Guid(f9d372e979e04c148acbc8d98cccb049) Importer(815301076,1909f56bfc062723c751e8b465ee728b)
Start importing Assets/Esenario/Materials/Esenario-[Color_007].mat using Guid(f9d372e979e04c148acbc8d98cccb049) Importer(815301076,1909f56bfc062723c751e8b465ee728b)  -> (artifact id: '4c5fc1542a4a263339f93b2b43624f23') in 0.088583 seconds
Number of updated asset objects reloaded before import = 0
Number of asset objects unloaded after import = 2
========================================================================
Received Import Request.
  Time since last request: 0.000036 seconds.
  path: Assets/Esenario/Materials/Esenario-0-40-04.mat
  artifactKey: Guid(2c79f0ec20e54494892cb81f50c37702) Importer(815301076,1909f56bfc062723c751e8b465ee728b)
Start importing Assets/Esenario/Materials/Esenario-0-40-04.mat using Guid(2c79f0ec20e54494892cb81f50c37702) Importer(815301076,1909f56bfc062723c751e8b465ee728b)  -> (artifact id: 'd1b233048aeff924d5b68cd1a5111eb8') in 0.140313 seconds
Number of updated asset objects reloaded before import = 0
Number of asset objects unloaded after import = 2
========================================================================
Received Import Request.
  Time since last request: 0.000057 seconds.
  path: Assets/Esenario/Materials/Esenario-[Color_007]1.mat
  artifactKey: Guid(9cf0da6e378ac2142999450e19fa96e7) Importer(815301076,1909f56bfc062723c751e8b465ee728b)
Start importing Assets/Esenario/Materials/Esenario-[Color_007]1.mat using Guid(9cf0da6e378ac2142999450e19fa96e7) Importer(815301076,1909f56bfc062723c751e8b465ee728b)  -> (artifact id: 'a07394fd6e71060f1cec985be4a2e7aa') in 0.086040 seconds
Number of updated asset objects reloaded before import = 0
Number of asset objects unloaded after import = 2
========================================================================
Received Import Request.
  Time since last request: 0.000086 seconds.
  path: Assets/Esenario/Materials/Esenario-[Color E05].mat
  artifactKey: Guid(f8a3618ab84db6a4a99a66cc4b99a76a) Importer(815301076,1909f56bfc062723c751e8b465ee728b)
Start importing Assets/Esenario/Materials/Esenario-[Color E05].mat using Guid(f8a3618ab84db6a4a99a66cc4b99a76a) Importer(815301076,1909f56bfc062723c751e8b465ee728b)  -> (artifact id: 'c13d1980fa73c52b39a8eea8f47e12da') in 0.153427 seconds
Number of updated asset objects reloaded before import = 0
Number of asset objects unloaded after import = 2
========================================================================
Received Import Request.
  Time since last request: 0.000082 seconds.
  path: Assets/Esenario/Materials/Esenario-[Color A05].mat
  artifactKey: Guid(5772acc415994e2489033f16a8ae55b9) Importer(815301076,1909f56bfc062723c751e8b465ee728b)
Start importing Assets/Esenario/Materials/Esenario-[Color A05].mat using Guid(5772acc415994e2489033f16a8ae55b9) Importer(815301076,1909f56bfc062723c751e8b465ee728b)  -> (artifact id: 'd20d96cafaf6b26277d0088423ac6cda') in 0.129333 seconds
Number of updated asset objects reloaded before import = 0
Number of asset objects unloaded after import = 2
========================================================================
Received Import Request.
  Time since last request: 0.000128 seconds.
  path: Assets/Esenario/Materials/Esenario-[Color_007]2.mat
  artifactKey: Guid(a85b0252a4a0b6f44bfb5c2903b98d02) Importer(815301076,1909f56bfc062723c751e8b465ee728b)
Start importing Assets/Esenario/Materials/Esenario-[Color_007]2.mat using Guid(a85b0252a4a0b6f44bfb5c2903b98d02) Importer(815301076,1909f56bfc062723c751e8b465ee728b)  -> (artifact id: '7127b9afd79582647e004133af3914a2') in 0.085988 seconds
Number of updated asset objects reloaded before import = 0
Number of asset objects unloaded after import = 2
========================================================================
Received Import Request.
  Time since last request: 0.000088 seconds.
  path: Assets/Esenario/Materials/Esenario-[Color M02].mat
  artifactKey: Guid(3455f74a0798e984d886bc1ea21f321d) Importer(815301076,1909f56bfc062723c751e8b465ee728b)
Start importing Assets/Esenario/Materials/Esenario-[Color M02].mat using Guid(3455f74a0798e984d886bc1ea21f321d) Importer(815301076,1909f56bfc062723c751e8b465ee728b)  -> (artifact id: 'd4de546945b251d17cf3ceeeeb2f911c') in 0.049642 seconds
Number of updated asset objects reloaded before import = 0
Number of asset objects unloaded after import = 2
========================================================================
Received Import Request.
  Time since last request: 0.000115 seconds.
  path: Assets/Esenario/Materials/Esenario-[Chris_Shoe].mat
  artifactKey: Guid(dba79a740512681478c3543b35dafef0) Importer(815301076,1909f56bfc062723c751e8b465ee728b)
Start importing Assets/Esenario/Materials/Esenario-[Chris_Shoe].mat using Guid(dba79a740512681478c3543b35dafef0) Importer(815301076,1909f56bfc062723c751e8b465ee728b)  -> (artifact id: '15c1f36ff7a89afbf83d2cacac01f1b7') in 0.046554 seconds
Number of updated asset objects reloaded before import = 0
Number of asset objects unloaded after import = 2
========================================================================
Received Import Request.
  Time since last request: 0.000096 seconds.
  path: Assets/Esenario/Materials/Esenario-[Color_003]1.mat
  artifactKey: Guid(d9f0c51acaa154f4ba4148e23c2ed2ef) Importer(815301076,1909f56bfc062723c751e8b465ee728b)
Start importing Assets/Esenario/Materials/Esenario-[Color_003]1.mat using Guid(d9f0c51acaa154f4ba4148e23c2ed2ef) Importer(815301076,1909f56bfc062723c751e8b465ee728b)  -> (artifact id: 'dc80f88876024080f4d52a71c9834507') in 0.038137 seconds
Number of updated asset objects reloaded before import = 0
Number of asset objects unloaded after import = 2
========================================================================
Received Import Request.
  Time since last request: 0.000050 seconds.
  path: Assets/Esenario/Materials/Esenario-01 - Default1.mat
  artifactKey: Guid(c32147d71f32a2745b15e9cdad16f77a) Importer(815301076,1909f56bfc062723c751e8b465ee728b)
Start importing Assets/Esenario/Materials/Esenario-01 - Default1.mat using Guid(c32147d71f32a2745b15e9cdad16f77a) Importer(815301076,1909f56bfc062723c751e8b465ee728b)  -> (artifact id: '0307f60f9d2850e00fe99955dc28f9ed') in 0.090787 seconds
Number of updated asset objects reloaded before import = 0
Number of asset objects unloaded after import = 2
========================================================================
Received Import Request.
  Time since last request: 0.000145 seconds.
  path: Assets/Esenario/Materials/Esenario-[Color_000]1.mat
  artifactKey: Guid(b4f09c31df0e679418a2cd2fbe2db00f) Importer(815301076,1909f56bfc062723c751e8b465ee728b)
Start importing Assets/Esenario/Materials/Esenario-[Color_000]1.mat using Guid(b4f09c31df0e679418a2cd2fbe2db00f) Importer(815301076,1909f56bfc062723c751e8b465ee728b)  -> (artifact id: '4a5ca4f73ef2d885472675a8a6fa54e7') in 0.054789 seconds
Number of updated asset objects reloaded before import = 0
Number of asset objects unloaded after import = 2
========================================================================
Received Import Request.
  Time since last request: 0.000131 seconds.
  path: Assets/Esenario/Materials/Esenario-[Color_009].mat
  artifactKey: Guid(aab149e0c04372a4f94ba98ae4c8bd27) Importer(815301076,1909f56bfc062723c751e8b465ee728b)
Start importing Assets/Esenario/Materials/Esenario-[Color_009].mat using Guid(aab149e0c04372a4f94ba98ae4c8bd27) Importer(815301076,1909f56bfc062723c751e8b465ee728b)  -> (artifact id: 'a2971a57192d9e3f09be01c2c4ea197f') in 0.071772 seconds
Number of updated asset objects reloaded before import = 0
Number of asset objects unloaded after import = 2
========================================================================
Received Import Request.
  Time since last request: 0.000113 seconds.
  path: Assets/Esenario/Materials/Esenario-[Chris_Shirt].mat
  artifactKey: Guid(e07888b6da4c3ce4aa4684eb7130614c) Importer(815301076,1909f56bfc062723c751e8b465ee728b)
Start importing Assets/Esenario/Materials/Esenario-[Chris_Shirt].mat using Guid(e07888b6da4c3ce4aa4684eb7130614c) Importer(815301076,1909f56bfc062723c751e8b465ee728b)  -> (artifact id: '5f67b2cd41c88ce2b037e51c21a8dead') in 0.059775 seconds
Number of updated asset objects reloaded before import = 0
Number of asset objects unloaded after import = 2
========================================================================
Received Import Request.
  Time since last request: 0.000074 seconds.
  path: Assets/Esenario/Materials/Esenario-0-40-03_1_1.mat
  artifactKey: Guid(a1f635294150dbf46913fa220adddc91) Importer(815301076,1909f56bfc062723c751e8b465ee728b)
Start importing Assets/Esenario/Materials/Esenario-0-40-03_1_1.mat using Guid(a1f635294150dbf46913fa220adddc91) Importer(815301076,1909f56bfc062723c751e8b465ee728b)  -> (artifact id: '678316a5cba3318a992ce168b1506b8d') in 0.104345 seconds
Number of updated asset objects reloaded before import = 0
Number of asset objects unloaded after import = 3
========================================================================
Received Import Request.
  Time since last request: 0.000057 seconds.
  path: Assets/Esenario/Materials/Esenario-38-dirty-seamless-concrete-textures.mat
  artifactKey: Guid(157740e55ce32ae489262417736eca1e) Importer(815301076,1909f56bfc062723c751e8b465ee728b)
Start importing Assets/Esenario/Materials/Esenario-38-dirty-seamless-concrete-textures.mat using Guid(157740e55ce32ae489262417736eca1e) Importer(815301076,1909f56bfc062723c751e8b465ee728b)  -> (artifact id: '590e81a32a2289936194451919b2151f') in 0.067685 seconds
Number of updated asset objects reloaded before import = 0
Number of asset objects unloaded after import = 3
========================================================================
Received Import Request.
  Time since last request: 0.000079 seconds.
  path: Assets/Esenario/Materials/Esenario-1981_small.mat
  artifactKey: Guid(539ae185daabb9d45944325772c8f1f5) Importer(815301076,1909f56bfc062723c751e8b465ee728b)
Start importing Assets/Esenario/Materials/Esenario-1981_small.mat using Guid(539ae185daabb9d45944325772c8f1f5) Importer(815301076,1909f56bfc062723c751e8b465ee728b)  -> (artifact id: 'b9973a2c66aa15c379bfbcad9b9f0b46') in 0.077694 seconds
Number of updated asset objects reloaded before import = 0
Number of asset objects unloaded after import = 3
========================================================================
Received Import Request.
  Time since last request: 0.000256 seconds.
  path: Assets/Esenario/Materials/Esenario-[0130_Gainsboro].mat
  artifactKey: Guid(947f928c81bbf9241aedc5b99efee023) Importer(815301076,1909f56bfc062723c751e8b465ee728b)
Start importing Assets/Esenario/Materials/Esenario-[0130_Gainsboro].mat using Guid(947f928c81bbf9241aedc5b99efee023) Importer(815301076,1909f56bfc062723c751e8b465ee728b)  -> (artifact id: '7ae2918e1b6bd2f3d13ff180e35b5737') in 0.085831 seconds
Number of updated asset objects reloaded before import = 0
Number of asset objects unloaded after import = 2
========================================================================
Received Import Request.
  Time since last request: 0.000069 seconds.
  path: Assets/Esenario/Materials/Esenario-[Color_009]1.mat
  artifactKey: Guid(bc3ecac1647d76447b5d51dd70e1a373) Importer(815301076,1909f56bfc062723c751e8b465ee728b)
Start importing Assets/Esenario/Materials/Esenario-[Color_009]1.mat using Guid(bc3ecac1647d76447b5d51dd70e1a373) Importer(815301076,1909f56bfc062723c751e8b465ee728b)  -> (artifact id: 'dc5f40ec9579734e3433c7f5c834bd9d') in 0.097056 seconds
Number of updated asset objects reloaded before import = 0
Number of asset objects unloaded after import = 2
========================================================================
Received Import Request.
  Time since last request: 0.000072 seconds.
  path: Assets/Esenario/Materials/Esenario-[Cladding Siding Tan].mat
  artifactKey: Guid(2f0ddd34d37b94b4e87f3b40f02da825) Importer(815301076,1909f56bfc062723c751e8b465ee728b)
Start importing Assets/Esenario/Materials/Esenario-[Cladding Siding Tan].mat using Guid(2f0ddd34d37b94b4e87f3b40f02da825) Importer(815301076,1909f56bfc062723c751e8b465ee728b)  -> (artifact id: 'af9b8d08c0eac96dc72494ae0fc575b7') in 0.077349 seconds
Number of updated asset objects reloaded before import = 0
Number of asset objects unloaded after import = 3
========================================================================
Received Import Request.
  Time since last request: 0.000047 seconds.
  path: Assets/Esenario/Materials/Esenario-[Fencing_Mesh_Blue]2.mat
  artifactKey: Guid(a440f43d9da4fc94c95ce0f9faaa720b) Importer(815301076,1909f56bfc062723c751e8b465ee728b)
Start importing Assets/Esenario/Materials/Esenario-[Fencing_Mesh_Blue]2.mat using Guid(a440f43d9da4fc94c95ce0f9faaa720b) Importer(815301076,1909f56bfc062723c751e8b465ee728b)  -> (artifact id: '0db5c800d37b3169b4b90706485a649d') in 0.081654 seconds
Number of updated asset objects reloaded before import = 0
Number of asset objects unloaded after import = 3
========================================================================
Received Import Request.
  Time since last request: 0.000169 seconds.
  path: Assets/Esenario/Materials/Esenario-[Color M08].mat
  artifactKey: Guid(72306308601e25f40a883e63f9b06b92) Importer(815301076,1909f56bfc062723c751e8b465ee728b)
Start importing Assets/Esenario/Materials/Esenario-[Color M08].mat using Guid(72306308601e25f40a883e63f9b06b92) Importer(815301076,1909f56bfc062723c751e8b465ee728b)  -> (artifact id: '3eef123194525f1baa4a9001eb87e58a') in 0.122692 seconds
Number of updated asset objects reloaded before import = 0
Number of asset objects unloaded after import = 2
========================================================================
Received Import Request.
  Time since last request: 0.000109 seconds.
  path: Assets/Esenario/Materials/Esenario-[Color_008].mat
  artifactKey: Guid(9d3363132fc3f604fbec4a4b5b956b30) Importer(815301076,1909f56bfc062723c751e8b465ee728b)
Start importing Assets/Esenario/Materials/Esenario-[Color_008].mat using Guid(9d3363132fc3f604fbec4a4b5b956b30) Importer(815301076,1909f56bfc062723c751e8b465ee728b)  -> (artifact id: '0b6faeb7349eae3b6686050e583d10ef') in 0.147556 seconds
Number of updated asset objects reloaded before import = 0
Number of asset objects unloaded after import = 2
========================================================================
Received Import Request.
  Time since last request: 0.000069 seconds.
  path: Assets/Esenario/Materials/Esenario-[Color_001].mat
  artifactKey: Guid(a1cdd7e035a13a24f8eca50c540e342c) Importer(815301076,1909f56bfc062723c751e8b465ee728b)
Start importing Assets/Esenario/Materials/Esenario-[Color_001].mat using Guid(a1cdd7e035a13a24f8eca50c540e342c) Importer(815301076,1909f56bfc062723c751e8b465ee728b)  -> (artifact id: '0e86b60a8096ca04ee6cfcfc7a2b3252') in 0.121304 seconds
Number of updated asset objects reloaded before import = 0
Number of asset objects unloaded after import = 3
========================================================================
Received Import Request.
  Time since last request: 0.000054 seconds.
  path: Assets/Esenario/Materials/Esenario-7da0385f08a1af7c2fc589ad8e3c784d.mat
  artifactKey: Guid(2d5ddad168abe8640b3b2064e99d7310) Importer(815301076,1909f56bfc062723c751e8b465ee728b)
Start importing Assets/Esenario/Materials/Esenario-7da0385f08a1af7c2fc589ad8e3c784d.mat using Guid(2d5ddad168abe8640b3b2064e99d7310) Importer(815301076,1909f56bfc062723c751e8b465ee728b)  -> (artifact id: 'a2c51b3e231c7439deaf6b1ec3817701') in 0.194739 seconds
Number of updated asset objects reloaded before import = 0
Number of asset objects unloaded after import = 3
========================================================================
Received Import Request.
  Time since last request: 0.000145 seconds.
  path: Assets/Esenario/Materials/Esenario-7981_8.mat
  artifactKey: Guid(87bdc9eb5e62bea4fb24bd70505340b9) Importer(815301076,1909f56bfc062723c751e8b465ee728b)
Start importing Assets/Esenario/Materials/Esenario-7981_8.mat using Guid(87bdc9eb5e62bea4fb24bd70505340b9) Importer(815301076,1909f56bfc062723c751e8b465ee728b)  -> (artifact id: '428dfd22f405b044192de0f49959d7c3') in 0.395561 seconds
Number of updated asset objects reloaded before import = 0
Number of asset objects unloaded after import = 3
========================================================================
Received Prepare
Begin MonoManager ReloadAssembly
- Loaded All Assemblies, in  1.794 seconds
Refreshing native plugins compatible for Editor in 10.71 ms, found 4 plugins.
Native extension for WindowsStandalone target not found
Native extension for Android target not found
Native extension for WebGL target not found
[Package Manager] Server::EnsureServerProcessIsRunning -- launch failed, reason: Unity was launched with the -noUpm command-line argument
[Package Manager] UpmClient::Send -- Unable to send message (not connected to UPM process).
[Package Manager] Cannot connect to Unity Package Manager local server
[Package Manager] Server::EnsureServerProcessIsRunning -- launch failed, reason: Unity was launched with the -noUpm command-line argument
[Package Manager] UpmClient::Send -- Unable to send message (not connected to UPM process).
[Package Manager] Cannot connect to Unity Package Manager local server
Mono: successfully reloaded assembly
[Package Manager] Server::EnsureServerProcessIsRunning -- launch failed, reason: Unity was launched with the -noUpm command-line argument
[Package Manager] UpmClient::Send -- Unable to send message (not connected to UPM process).
[Package Manager] Cannot connect to Unity Package Manager local server
- Finished resetting the current domain, in  6.139 seconds
Domain Reload Profiling: 7933ms
	BeginReloadAssembly (597ms)
		ExecutionOrderSort (0ms)
		DisableScriptedObjects (44ms)
		BackupInstance (0ms)
		ReleaseScriptingObjects (0ms)
		CreateAndSetChildDomain (229ms)
	RebuildCommonClasses (72ms)
	RebuildNativeTypeToScriptingClass (27ms)
	initialDomainReloadingComplete (88ms)
	LoadAllAssembliesAndSetupDomain (1006ms)
		LoadAssemblies (1146ms)
		RebuildTransferFunctionScriptingTraits (0ms)
		AnalyzeDomain (73ms)
			TypeCache.Refresh (15ms)
				TypeCache.ScanAssembly (0ms)
			ScanForSourceGeneratedMonoScriptInfo (1ms)
			ResolveRequiredComponents (54ms)
	FinalizeReload (6143ms)
		ReleaseScriptCaches (0ms)
		RebuildScriptCaches (0ms)
		SetupLoadedEditorAssemblies (2858ms)
			LogAssemblyErrors (0ms)
			InitializePlatformSupportModulesInManaged (86ms)
			SetLoadedEditorAssemblies (13ms)
			RefreshPlugins (0ms)
			BeforeProcessingInitializeOnLoad (292ms)
			ProcessInitializeOnLoadAttributes (1389ms)
			ProcessInitializeOnLoadMethodAttributes (997ms)
			AfterProcessingInitializeOnLoad (73ms)
			EditorAssembliesLoaded (8ms)
		ExecutionOrderSort2 (0ms)
		AwakeInstancesAfterBackupRestoration (105ms)
Refreshing native plugins compatible for Editor in 28.96 ms, found 4 plugins.
Preloading 0 native plugins for Editor in 0.00 ms.
Unloading 6564 Unused Serialized files (Serialized files now loaded: 0)
Unloading 80 unused Assets / (3.5 MB). Loaded Objects now: 7255.
Memory consumption went from 233.0 MB to 229.5 MB.
Total: 61.536300 ms (FindLiveObjects: 7.777600 ms CreateObjectMapping: 6.409600 ms MarkObjects: 30.962800 ms  DeleteObjects: 16.380100 ms)

Prepare: number of updated asset objects reloaded= 0
AssetImportParameters requested are different than current active one (requested -> active):
  custom:container-demuxer-ogg: 62fdf1f143b41e24485cea50d1cbac27 -> 
  custom:framework-win-MediaFoundation: 216162199b28c13a410421893ffa2e32 -> 
  custom:container-muxer-webm: aa71ff27fc2769a1b78a27578f13a17b -> 
  custom:video-decoder-webm-vp8: 9c59270c3fd7afecdb556c50c9e8de78 -> 
  custom:SearchIndexIgnoredProperties: e643bd26f0fe6173181afceb89e7c659 -> 
  custom:AudioImporter_EditorPlatform: d09bf68614088b80899f8185d706f6e7 -> 
  custom:audio-decoder-ogg-vorbis: bf7c407c2cedff20999df2af8eb42d56 -> 
  custom:audio-encoder-webm-vorbis: bf7c407c2cedff20999df2af8eb42d56 -> 
  custom:video-codec-MediaFoundation-h265: 746d11721c4dcdbdad8f713fa42b33f4 -> 
  custom:video-decoder-ogg-theora: a1e56fd34408186e4bbccfd4996cb3dc -> 
  custom:CustomObjectIndexerAttribute: 72b91833f83ae208fae7752999fa3104 -> 
  custom:container-demuxer-webm: 4f35f7cbe854078d1ac9338744f61a02 -> 
  custom:video-encoder-webm-vp8: eb34c28f22e8b96e1ab97ce403110664 -> 
========================================================================
Received Prepare
Begin MonoManager ReloadAssembly
- Loaded All Assemblies, in  1.256 seconds
Refreshing native plugins compatible for Editor in 10.10 ms, found 4 plugins.
Native extension for WindowsStandalone target not found
Native extension for Android target not found
Native extension for WebGL target not found
[Package Manager] Server::EnsureServerProcessIsRunning -- launch failed, reason: Unity was launched with the -noUpm command-line argument
[Package Manager] UpmClient::Send -- Unable to send message (not connected to UPM process).
[Package Manager] Cannot connect to Unity Package Manager local server
[Package Manager] Server::EnsureServerProcessIsRunning -- launch failed, reason: Unity was launched with the -noUpm command-line argument
[Package Manager] UpmClient::Send -- Unable to send message (not connected to UPM process).
[Package Manager] Cannot connect to Unity Package Manager local server
Mono: successfully reloaded assembly
[Package Manager] Server::EnsureServerProcessIsRunning -- launch failed, reason: Unity was launched with the -noUpm command-line argument
[Package Manager] UpmClient::Send -- Unable to send message (not connected to UPM process).
[Package Manager] Cannot connect to Unity Package Manager local server
- Finished resetting the current domain, in  4.718 seconds
Domain Reload Profiling: 5974ms
	BeginReloadAssembly (393ms)
		ExecutionOrderSort (0ms)
		DisableScriptedObjects (9ms)
		BackupInstance (0ms)
		ReleaseScriptingObjects (0ms)
		CreateAndSetChildDomain (121ms)
	RebuildCommonClasses (73ms)
	RebuildNativeTypeToScriptingClass (30ms)
	initialDomainReloadingComplete (67ms)
	LoadAllAssembliesAndSetupDomain (690ms)
		LoadAssemblies (809ms)
		RebuildTransferFunctionScriptingTraits (0ms)
		AnalyzeDomain (76ms)
			TypeCache.Refresh (19ms)
				TypeCache.ScanAssembly (0ms)
			ScanForSourceGeneratedMonoScriptInfo (0ms)
			ResolveRequiredComponents (54ms)
	FinalizeReload (4722ms)
		ReleaseScriptCaches (0ms)
		RebuildScriptCaches (0ms)
		SetupLoadedEditorAssemblies (1894ms)
			LogAssemblyErrors (0ms)
			InitializePlatformSupportModulesInManaged (64ms)
			SetLoadedEditorAssemblies (12ms)
			RefreshPlugins (0ms)
			BeforeProcessingInitializeOnLoad (240ms)
			ProcessInitializeOnLoadAttributes (1349ms)
			ProcessInitializeOnLoadMethodAttributes (211ms)
			AfterProcessingInitializeOnLoad (16ms)
			EditorAssembliesLoaded (3ms)
		ExecutionOrderSort2 (0ms)
		AwakeInstancesAfterBackupRestoration (63ms)
Refreshing native plugins compatible for Editor in 51.15 ms, found 4 plugins.
Preloading 0 native plugins for Editor in 0.00 ms.
Unloading 6564 Unused Serialized files (Serialized files now loaded: 0)
Unloading 80 unused Assets / (3.5 MB). Loaded Objects now: 7260.
Memory consumption went from 232.9 MB to 229.4 MB.
Total: 83.355800 ms (FindLiveObjects: 4.652400 ms CreateObjectMapping: 5.067600 ms MarkObjects: 35.217100 ms  DeleteObjects: 38.414400 ms)

Prepare: number of updated asset objects reloaded= 0
AssetImportParameters requested are different than current active one (requested -> active):
  custom:container-demuxer-ogg: 62fdf1f143b41e24485cea50d1cbac27 -> 
  custom:framework-win-MediaFoundation: 216162199b28c13a410421893ffa2e32 -> 
  custom:container-muxer-webm: aa71ff27fc2769a1b78a27578f13a17b -> 
  custom:video-decoder-webm-vp8: 9c59270c3fd7afecdb556c50c9e8de78 -> 
  custom:SearchIndexIgnoredProperties: e643bd26f0fe6173181afceb89e7c659 -> 
  custom:AudioImporter_EditorPlatform: d09bf68614088b80899f8185d706f6e7 -> 
  custom:audio-decoder-ogg-vorbis: bf7c407c2cedff20999df2af8eb42d56 -> 
  custom:audio-encoder-webm-vorbis: bf7c407c2cedff20999df2af8eb42d56 -> 
  custom:video-codec-MediaFoundation-h265: 746d11721c4dcdbdad8f713fa42b33f4 -> 
  custom:video-decoder-ogg-theora: a1e56fd34408186e4bbccfd4996cb3dc -> 
  custom:CustomObjectIndexerAttribute: 72b91833f83ae208fae7752999fa3104 -> 
  custom:container-demuxer-webm: 4f35f7cbe854078d1ac9338744f61a02 -> 
  custom:video-encoder-webm-vp8: eb34c28f22e8b96e1ab97ce403110664 -> 
========================================================================
Received Prepare
Begin MonoManager ReloadAssembly
- Loaded All Assemblies, in  1.242 seconds
Refreshing native plugins compatible for Editor in 6.71 ms, found 4 plugins.
Native extension for WindowsStandalone target not found
Native extension for Android target not found
Native extension for WebGL target not found
[Package Manager] Server::EnsureServerProcessIsRunning -- launch failed, reason: Unity was launched with the -noUpm command-line argument
[Package Manager] UpmClient::Send -- Unable to send message (not connected to UPM process).
[Package Manager] Cannot connect to Unity Package Manager local server
[Package Manager] Server::EnsureServerProcessIsRunning -- launch failed, reason: Unity was launched with the -noUpm command-line argument
[Package Manager] UpmClient::Send -- Unable to send message (not connected to UPM process).
[Package Manager] Cannot connect to Unity Package Manager local server
Mono: successfully reloaded assembly
[Package Manager] Server::EnsureServerProcessIsRunning -- launch failed, reason: Unity was launched with the -noUpm command-line argument
[Package Manager] UpmClient::Send -- Unable to send message (not connected to UPM process).
[Package Manager] Cannot connect to Unity Package Manager local server
- Finished resetting the current domain, in  4.263 seconds
Domain Reload Profiling: 5495ms
	BeginReloadAssembly (436ms)
		ExecutionOrderSort (0ms)
		DisableScriptedObjects (11ms)
		BackupInstance (0ms)
		ReleaseScriptingObjects (0ms)
		CreateAndSetChildDomain (130ms)
	RebuildCommonClasses (73ms)
	RebuildNativeTypeToScriptingClass (20ms)
	initialDomainReloadingComplete (62ms)
	LoadAllAssembliesAndSetupDomain (641ms)
		LoadAssemblies (793ms)
		RebuildTransferFunctionScriptingTraits (0ms)
		AnalyzeDomain (59ms)
			TypeCache.Refresh (21ms)
				TypeCache.ScanAssembly (0ms)
			ScanForSourceGeneratedMonoScriptInfo (1ms)
			ResolveRequiredComponents (35ms)
	FinalizeReload (4263ms)
		ReleaseScriptCaches (0ms)
		RebuildScriptCaches (0ms)
		SetupLoadedEditorAssemblies (1606ms)
			LogAssemblyErrors (0ms)
			InitializePlatformSupportModulesInManaged (69ms)
			SetLoadedEditorAssemblies (8ms)
			RefreshPlugins (0ms)
			BeforeProcessingInitializeOnLoad (212ms)
			ProcessInitializeOnLoadAttributes (1138ms)
			ProcessInitializeOnLoadMethodAttributes (161ms)
			AfterProcessingInitializeOnLoad (15ms)
			EditorAssembliesLoaded (1ms)
		ExecutionOrderSort2 (0ms)
		AwakeInstancesAfterBackupRestoration (34ms)
Refreshing native plugins compatible for Editor in 35.40 ms, found 4 plugins.
Preloading 0 native plugins for Editor in 0.00 ms.
Unloading 6564 Unused Serialized files (Serialized files now loaded: 0)
Unloading 80 unused Assets / (3.4 MB). Loaded Objects now: 7265.
Memory consumption went from 232.8 MB to 229.4 MB.
Total: 42.022200 ms (FindLiveObjects: 1.190600 ms CreateObjectMapping: 1.170900 ms MarkObjects: 26.758200 ms  DeleteObjects: 12.849400 ms)

Prepare: number of updated asset objects reloaded= 0
AssetImportParameters requested are different than current active one (requested -> active):
  custom:container-demuxer-ogg: 62fdf1f143b41e24485cea50d1cbac27 -> 
  custom:framework-win-MediaFoundation: 216162199b28c13a410421893ffa2e32 -> 
  custom:container-muxer-webm: aa71ff27fc2769a1b78a27578f13a17b -> 
  custom:video-decoder-webm-vp8: 9c59270c3fd7afecdb556c50c9e8de78 -> 
  custom:SearchIndexIgnoredProperties: e643bd26f0fe6173181afceb89e7c659 -> 
  custom:AudioImporter_EditorPlatform: d09bf68614088b80899f8185d706f6e7 -> 
  custom:audio-decoder-ogg-vorbis: bf7c407c2cedff20999df2af8eb42d56 -> 
  custom:audio-encoder-webm-vorbis: bf7c407c2cedff20999df2af8eb42d56 -> 
  custom:video-codec-MediaFoundation-h265: 746d11721c4dcdbdad8f713fa42b33f4 -> 
  custom:video-decoder-ogg-theora: a1e56fd34408186e4bbccfd4996cb3dc -> 
  custom:CustomObjectIndexerAttribute: 72b91833f83ae208fae7752999fa3104 -> 
  custom:container-demuxer-webm: 4f35f7cbe854078d1ac9338744f61a02 -> 
  custom:video-encoder-webm-vp8: eb34c28f22e8b96e1ab97ce403110664 -> 
========================================================================
Received Import Request.
  Time since last request: 600.124116 seconds.
  path: Assets/Extintor.fbx
  artifactKey: Guid(f8d31ae4cb031c846b324ee42292d17f) Importer(815301076,1909f56bfc062723c751e8b465ee728b)
Start importing Assets/Extintor.fbx using Guid(f8d31ae4cb031c846b324ee42292d17f) Importer(815301076,1909f56bfc062723c751e8b465ee728b)  -> (artifact id: 'e01feab0d6d701769bc83b2350222f8c') in 1.645648 seconds
Number of updated asset objects reloaded before import = 0
Number of asset objects unloaded after import = 33
========================================================================
Received Import Request.
  Time since last request: 23.852440 seconds.
  path: Assets/Extintor.fbx
  artifactKey: Guid(f8d31ae4cb031c846b324ee42292d17f) Importer(815301076,1909f56bfc062723c751e8b465ee728b)
Start importing Assets/Extintor.fbx using Guid(f8d31ae4cb031c846b324ee42292d17f) Importer(815301076,1909f56bfc062723c751e8b465ee728b)  -> (artifact id: '36ee972210928902e9c287d5fe076141') in 0.096712 seconds
Number of updated asset objects reloaded before import = 0
Number of asset objects unloaded after import = 10
========================================================================
Received Import Request.
  Time since last request: 55.033722 seconds.
  path: Assets/Extintor.fbx
  artifactKey: Guid(f8d31ae4cb031c846b324ee42292d17f) Importer(815301076,1909f56bfc062723c751e8b465ee728b)
Start importing Assets/Extintor.fbx using Guid(f8d31ae4cb031c846b324ee42292d17f) Importer(815301076,1909f56bfc062723c751e8b465ee728b)  -> (artifact id: 'b7c4b3a335395b7cf5aeeadfb6abf0c0') in 0.368462 seconds
Number of updated asset objects reloaded before import = 0
Number of asset objects unloaded after import = 15
========================================================================
Received Prepare
Begin MonoManager ReloadAssembly
- Loaded All Assemblies, in  1.724 seconds
Refreshing native plugins compatible for Editor in 15.83 ms, found 4 plugins.
Native extension for WindowsStandalone target not found
Native extension for Android target not found
Native extension for WebGL target not found
[Package Manager] Server::EnsureServerProcessIsRunning -- launch failed, reason: Unity was launched with the -noUpm command-line argument
[Package Manager] UpmClient::Send -- Unable to send message (not connected to UPM process).
[Package Manager] Cannot connect to Unity Package Manager local server
[Package Manager] Server::EnsureServerProcessIsRunning -- launch failed, reason: Unity was launched with the -noUpm command-line argument
[Package Manager] UpmClient::Send -- Unable to send message (not connected to UPM process).
[Package Manager] Cannot connect to Unity Package Manager local server
Mono: successfully reloaded assembly
[Package Manager] Server::EnsureServerProcessIsRunning -- launch failed, reason: Unity was launched with the -noUpm command-line argument
[Package Manager] UpmClient::Send -- Unable to send message (not connected to UPM process).
[Package Manager] Cannot connect to Unity Package Manager local server
- Finished resetting the current domain, in  7.414 seconds
Domain Reload Profiling: 9134ms
	BeginReloadAssembly (554ms)
		ExecutionOrderSort (0ms)
		DisableScriptedObjects (27ms)
		BackupInstance (0ms)
		ReleaseScriptingObjects (0ms)
		CreateAndSetChildDomain (183ms)
	RebuildCommonClasses (114ms)
	RebuildNativeTypeToScriptingClass (32ms)
	initialDomainReloadingComplete (74ms)
	LoadAllAssembliesAndSetupDomain (946ms)
		LoadAssemblies (1161ms)
		RebuildTransferFunctionScriptingTraits (0ms)
		AnalyzeDomain (50ms)
			TypeCache.Refresh (13ms)
				TypeCache.ScanAssembly (0ms)
			ScanForSourceGeneratedMonoScriptInfo (1ms)
			ResolveRequiredComponents (34ms)
	FinalizeReload (7415ms)
		ReleaseScriptCaches (0ms)
		RebuildScriptCaches (0ms)
		SetupLoadedEditorAssemblies (3782ms)
			LogAssemblyErrors (0ms)
			InitializePlatformSupportModulesInManaged (42ms)
			SetLoadedEditorAssemblies (12ms)
			RefreshPlugins (0ms)
			BeforeProcessingInitializeOnLoad (206ms)
			ProcessInitializeOnLoadAttributes (2883ms)
			ProcessInitializeOnLoadMethodAttributes (625ms)
			AfterProcessingInitializeOnLoad (13ms)
			EditorAssembliesLoaded (2ms)
		ExecutionOrderSort2 (0ms)
		AwakeInstancesAfterBackupRestoration (74ms)
Refreshing native plugins compatible for Editor in 60.02 ms, found 4 plugins.
Preloading 0 native plugins for Editor in 0.00 ms.
Unloading 6564 Unused Serialized files (Serialized files now loaded: 0)
Unloading 80 unused Assets / (3.5 MB). Loaded Objects now: 7307.
Memory consumption went from 233.1 MB to 229.6 MB.
Total: 54.454300 ms (FindLiveObjects: 1.945300 ms CreateObjectMapping: 1.561300 ms MarkObjects: 43.631500 ms  DeleteObjects: 7.312000 ms)

Prepare: number of updated asset objects reloaded= 0
AssetImportParameters requested are different than current active one (requested -> active):
  custom:container-demuxer-ogg: 62fdf1f143b41e24485cea50d1cbac27 -> 
  custom:framework-win-MediaFoundation: 216162199b28c13a410421893ffa2e32 -> 
  custom:container-muxer-webm: aa71ff27fc2769a1b78a27578f13a17b -> 
  custom:video-decoder-webm-vp8: 9c59270c3fd7afecdb556c50c9e8de78 -> 
  custom:SearchIndexIgnoredProperties: e643bd26f0fe6173181afceb89e7c659 -> 
  custom:AudioImporter_EditorPlatform: d09bf68614088b80899f8185d706f6e7 -> 
  custom:audio-decoder-ogg-vorbis: bf7c407c2cedff20999df2af8eb42d56 -> 
  custom:audio-encoder-webm-vorbis: bf7c407c2cedff20999df2af8eb42d56 -> 
  custom:video-codec-MediaFoundation-h265: 746d11721c4dcdbdad8f713fa42b33f4 -> 
  custom:video-decoder-ogg-theora: a1e56fd34408186e4bbccfd4996cb3dc -> 
  custom:CustomObjectIndexerAttribute: 72b91833f83ae208fae7752999fa3104 -> 
  custom:container-demuxer-webm: 4f35f7cbe854078d1ac9338744f61a02 -> 
  custom:video-encoder-webm-vp8: eb34c28f22e8b96e1ab97ce403110664 -> 
