Using pre-set license
Built from '2022.3/staging' branch; Version is '2022.3.28f1 (6bae5ce6b222) revision 7056988'; Using compiler version '192829333'; Build Type 'Release'
OS: 'Windows 11  (10.0.22631) 64bit Enterprise' Language: 'es' Physical Memory: 8066 MB
BatchMode: 1, IsHumanControllingUs: 0, StartBugReporterOnCrash: 0, Is64bit: 1, IsPro: 1

COMMAND LINE ARGUMENTS:
C:\Program Files\Unity\Hub\Editor\2022.3.28f1\Editor\Unity.exe
-adb2
-batchMode
-noUpm
-name
AssetImportWorker1
-projectPath
D:/unityMobile
-logFile
Logs/AssetImportWorker1.log
-srvPort
52624
Successfully changed project path to: D:/unityMobile
D:/unityMobile
[UnityMemory] Configuration Parameters - Can be set up in boot.config
    "memorysetup-bucket-allocator-granularity=16"
    "memorysetup-bucket-allocator-bucket-count=8"
    "memorysetup-bucket-allocator-block-size=33554432"
    "memorysetup-bucket-allocator-block-count=8"
    "memorysetup-main-allocator-block-size=16777216"
    "memorysetup-thread-allocator-block-size=16777216"
    "memorysetup-gfx-main-allocator-block-size=16777216"
    "memorysetup-gfx-thread-allocator-block-size=16777216"
    "memorysetup-cache-allocator-block-size=4194304"
    "memorysetup-typetree-allocator-block-size=2097152"
    "memorysetup-profiler-bucket-allocator-granularity=16"
    "memorysetup-profiler-bucket-allocator-bucket-count=8"
    "memorysetup-profiler-bucket-allocator-block-size=33554432"
    "memorysetup-profiler-bucket-allocator-block-count=8"
    "memorysetup-profiler-allocator-block-size=16777216"
    "memorysetup-profiler-editor-allocator-block-size=1048576"
    "memorysetup-temp-allocator-size-main=16777216"
    "memorysetup-job-temp-allocator-block-size=2097152"
    "memorysetup-job-temp-allocator-block-size-background=1048576"
    "memorysetup-job-temp-allocator-reduction-small-platforms=262144"
    "memorysetup-allocator-temp-initial-block-size-main=262144"
    "memorysetup-allocator-temp-initial-block-size-worker=262144"
    "memorysetup-temp-allocator-size-background-worker=32768"
    "memorysetup-temp-allocator-size-job-worker=262144"
    "memorysetup-temp-allocator-size-preload-manager=33554432"
    "memorysetup-temp-allocator-size-nav-mesh-worker=65536"
    "memorysetup-temp-allocator-size-audio-worker=65536"
    "memorysetup-temp-allocator-size-cloud-worker=32768"
    "memorysetup-temp-allocator-size-gi-baking-worker=262144"
    "memorysetup-temp-allocator-size-gfx=262144"
Player connection [5364] Host "[IP] 192.168.56.1 [Port] 0 [Flags] 2 [Guid] 2805857611 [EditorId] 2805857611 [Version] 1048832 [Id] WindowsEditor(7,Cristopher) [Debug] 1 [PackageName] WindowsEditor [ProjectName] Editor" joined multi-casting on [225.0.0.222:54997]...

Player connection [5364] Host "[IP] 192.168.56.1 [Port] 0 [Flags] 2 [Guid] 2805857611 [EditorId] 2805857611 [Version] 1048832 [Id] WindowsEditor(7,Cristopher) [Debug] 1 [PackageName] WindowsEditor [ProjectName] Editor" joined alternative multi-casting on [225.0.0.222:34997]...

[Physics::Module] Initialized MultithreadedJobDispatcher with 7 workers.
Refreshing native plugins compatible for Editor in 48.03 ms, found 4 plugins.
Preloading 0 native plugins for Editor in 0.00 ms.
Initialize engine version: 2022.3.28f1 (6bae5ce6b222)
[Subsystems] Discovering subsystems at path C:/Program Files/Unity/Hub/Editor/2022.3.28f1/Editor/Data/Resources/UnitySubsystems
[Subsystems] Discovering subsystems at path D:/unityMobile/Assets
GfxDevice: creating device client; threaded=0; jobified=0
Direct3D:
    Version:  Direct3D 11.0 [level 11.1]
    Renderer: Intel(R) UHD Graphics 620 (ID=0x5917)
    Vendor:   Intel
    VRAM:     4033 MB
    Driver:   27.20.100.9565
Initialize mono
Mono path[0] = 'C:/Program Files/Unity/Hub/Editor/2022.3.28f1/Editor/Data/Managed'
Mono path[1] = 'C:/Program Files/Unity/Hub/Editor/2022.3.28f1/Editor/Data/MonoBleedingEdge/lib/mono/unityjit-win32'
Mono config path = 'C:/Program Files/Unity/Hub/Editor/2022.3.28f1/Editor/Data/MonoBleedingEdge/etc'
Using monoOptions --debugger-agent=transport=dt_socket,embedding=1,server=y,suspend=n,address=127.0.0.1:56692
Begin MonoManager ReloadAssembly
Registering precompiled unity dll's ...
Register platform support module: C:/Program Files/Unity/Hub/Editor/2022.3.28f1/Editor/Data/PlaybackEngines/WebGLSupport/UnityEditor.WebGL.Extensions.dll
Register platform support module: C:/Program Files/Unity/Hub/Editor/2022.3.28f1/Editor/Data/PlaybackEngines/AndroidPlayer/UnityEditor.Android.Extensions.dll
Register platform support module: C:/Program Files/Unity/Hub/Editor/2022.3.28f1/Editor/Data/PlaybackEngines/WindowsStandaloneSupport/UnityEditor.WindowsStandalone.Extensions.dll
Registered in 0.027661 seconds.
- Loaded All Assemblies, in  1.382 seconds
Native extension for WindowsStandalone target not found
Native extension for Android target not found
CommandWithNoStdoutInvokationFailure: Unable to start ADB server. Please make sure the Android SDK is installed and is properly configured in the Editor. See the Console for more details.
  at UnityEditor.Android.Command.RunWithShellExecute (System.String command, System.String args, System.String workingdir, System.String errorMsg) [0x00060] in <eab0d59bd73a4e308f0300c0ea577056>:0 
  at UnityEditor.Android.ADB.StartServer () [0x00013] in <eab0d59bd73a4e308f0300c0ea577056>:0 
  at UnityEditor.Android.ADB.Run (System.String[] command, UnityEditor.Android.Command+WaitingForProcessToExit waitingForProcessToExit, System.String errorMsg) [0x0000b] in <eab0d59bd73a4e308f0300c0ea577056>:0 
  at UnityEditor.Android.AndroidDeploymentTargetsExtension.GetKnownTargets (UnityEditor.DeploymentTargets.IDeploymentTargetsMainThreadContext context, UnityEditor.ProgressHandler progressHandler) [0x002ae] in <eab0d59bd73a4e308f0300c0ea577056>:0 
  at UnityEditor.Android.TargetScanWorker.ScanSync () [0x00039] in <eab0d59bd73a4e308f0300c0ea577056>:0 
  at UnityEditor.Android.TargetExtension.OnUsbDevicesChanged (UnityEditor.Hardware.UsbDevice[] usbDevices) [0x00081] in <eab0d59bd73a4e308f0300c0ea577056>:0 
  at UnityEditor.Android.TargetExtension.OnLoad () [0x000ad] in <eab0d59bd73a4e308f0300c0ea577056>:0 
  at UnityEditor.Modules.ModuleManager.InitializePlatformSupportModules () [0x0009d] in <a675c3b64da6474b9fa5007cb5424433>:0 

Mono: successfully reloaded assembly
- Finished resetting the current domain, in  6.786 seconds
Domain Reload Profiling: 8163ms
	BeginReloadAssembly (481ms)
		ExecutionOrderSort (0ms)
		DisableScriptedObjects (0ms)
		BackupInstance (0ms)
		ReleaseScriptingObjects (0ms)
		CreateAndSetChildDomain (2ms)
	RebuildCommonClasses (170ms)
	RebuildNativeTypeToScriptingClass (53ms)
	initialDomainReloadingComplete (168ms)
	LoadAllAssembliesAndSetupDomain (504ms)
		LoadAssemblies (477ms)
		RebuildTransferFunctionScriptingTraits (0ms)
		AnalyzeDomain (497ms)
			TypeCache.Refresh (493ms)
				TypeCache.ScanAssembly (445ms)
			ScanForSourceGeneratedMonoScriptInfo (1ms)
			ResolveRequiredComponents (1ms)
	FinalizeReload (6787ms)
		ReleaseScriptCaches (0ms)
		RebuildScriptCaches (0ms)
		SetupLoadedEditorAssemblies (6574ms)
			LogAssemblyErrors (0ms)
			InitializePlatformSupportModulesInManaged (6073ms)
			SetLoadedEditorAssemblies (12ms)
			RefreshPlugins (0ms)
			BeforeProcessingInitializeOnLoad (6ms)
			ProcessInitializeOnLoadAttributes (352ms)
			ProcessInitializeOnLoadMethodAttributes (131ms)
			AfterProcessingInitializeOnLoad (0ms)
			EditorAssembliesLoaded (0ms)
		ExecutionOrderSort2 (0ms)
		AwakeInstancesAfterBackupRestoration (0ms)
========================================================================
Worker process is ready to serve import requests
Begin MonoManager ReloadAssembly
- Loaded All Assemblies, in  2.679 seconds
Refreshing native plugins compatible for Editor in 19.55 ms, found 4 plugins.
Native extension for WindowsStandalone target not found
Native extension for Android target not found
Native extension for WebGL target not found
Package Manager log level set to [2]
[Package Manager] Server::EnsureServerProcessIsRunning -- launch failed, reason: Unity was launched with the -noUpm command-line argument
[Package Manager] UpmClient::Send -- Unable to send message (not connected to UPM process).
[Package Manager] Cannot connect to Unity Package Manager local server
[Package Manager] Server::EnsureServerProcessIsRunning -- launch failed, reason: Unity was launched with the -noUpm command-line argument
[Package Manager] UpmClient::Send -- Unable to send message (not connected to UPM process).
[Package Manager] Cannot connect to Unity Package Manager local server
Mono: successfully reloaded assembly
[Package Manager] Server::EnsureServerProcessIsRunning -- launch failed, reason: Unity was launched with the -noUpm command-line argument
[Package Manager] UpmClient::Send -- Unable to send message (not connected to UPM process).
[Package Manager] Cannot connect to Unity Package Manager local server
[Package Manager] Server::EnsureServerProcessIsRunning -- launch failed, reason: Unity was launched with the -noUpm command-line argument
[Package Manager] UpmClient::Send -- Unable to send message (not connected to UPM process).
[Package Manager] Cannot connect to Unity Package Manager local server
- Finished resetting the current domain, in  3.434 seconds
Domain Reload Profiling: 6134ms
	BeginReloadAssembly (684ms)
		ExecutionOrderSort (0ms)
		DisableScriptedObjects (18ms)
		BackupInstance (0ms)
		ReleaseScriptingObjects (1ms)
		CreateAndSetChildDomain (58ms)
	RebuildCommonClasses (85ms)
	RebuildNativeTypeToScriptingClass (25ms)
	initialDomainReloadingComplete (89ms)
	LoadAllAssembliesAndSetupDomain (1815ms)
		LoadAssemblies (1223ms)
		RebuildTransferFunctionScriptingTraits (0ms)
		AnalyzeDomain (924ms)
			TypeCache.Refresh (737ms)
				TypeCache.ScanAssembly (671ms)
			ScanForSourceGeneratedMonoScriptInfo (119ms)
			ResolveRequiredComponents (63ms)
	FinalizeReload (3436ms)
		ReleaseScriptCaches (0ms)
		RebuildScriptCaches (0ms)
		SetupLoadedEditorAssemblies (2449ms)
			LogAssemblyErrors (0ms)
			InitializePlatformSupportModulesInManaged (229ms)
			SetLoadedEditorAssemblies (14ms)
			RefreshPlugins (0ms)
			BeforeProcessingInitializeOnLoad (301ms)
			ProcessInitializeOnLoadAttributes (1634ms)
			ProcessInitializeOnLoadMethodAttributes (256ms)
			AfterProcessingInitializeOnLoad (15ms)
			EditorAssembliesLoaded (1ms)
		ExecutionOrderSort2 (0ms)
		AwakeInstancesAfterBackupRestoration (19ms)
Launched and connected shader compiler UnityShaderCompiler.exe after 0.16 seconds
Refreshing native plugins compatible for Editor in 15.52 ms, found 4 plugins.
Preloading 0 native plugins for Editor in 0.00 ms.
Unloading 6721 Unused Serialized files (Serialized files now loaded: 0)
Unloading 120 unused Assets / (3.8 MB). Loaded Objects now: 7153.
Memory consumption went from 258.2 MB to 254.4 MB.
Total: 18.276300 ms (FindLiveObjects: 2.171300 ms CreateObjectMapping: 1.223900 ms MarkObjects: 9.980200 ms  DeleteObjects: 4.899100 ms)

AssetImportParameters requested are different than current active one (requested -> active):
  custom:container-demuxer-ogg: 62fdf1f143b41e24485cea50d1cbac27 -> 
  custom:framework-win-MediaFoundation: 216162199b28c13a410421893ffa2e32 -> 
  custom:container-muxer-webm: aa71ff27fc2769a1b78a27578f13a17b -> 
  custom:video-decoder-webm-vp8: 9c59270c3fd7afecdb556c50c9e8de78 -> 
  custom:SearchIndexIgnoredProperties: e643bd26f0fe6173181afceb89e7c659 -> 
  custom:AudioImporter_EditorPlatform: d09bf68614088b80899f8185d706f6e7 -> 
  custom:audio-decoder-ogg-vorbis: bf7c407c2cedff20999df2af8eb42d56 -> 
  custom:audio-encoder-webm-vorbis: bf7c407c2cedff20999df2af8eb42d56 -> 
  custom:video-codec-MediaFoundation-h265: 746d11721c4dcdbdad8f713fa42b33f4 -> 
  custom:video-decoder-ogg-theora: a1e56fd34408186e4bbccfd4996cb3dc -> 
  custom:CustomObjectIndexerAttribute: 72b91833f83ae208fae7752999fa3104 -> 
  custom:container-demuxer-webm: 4f35f7cbe854078d1ac9338744f61a02 -> 
  custom:video-encoder-webm-vp8: eb34c28f22e8b96e1ab97ce403110664 -> 
========================================================================
Received Import Request.
  Time since last request: 8516.171984 seconds.
  path: Assets/Esenario/M_23c45d5fa17d4c6c69e99a685af9b9aa.jpg
  artifactKey: Guid(9f8e95127c5444042abd61aa46e05815) Importer(815301076,1909f56bfc062723c751e8b465ee728b)
Start importing Assets/Esenario/M_23c45d5fa17d4c6c69e99a685af9b9aa.jpg using Guid(9f8e95127c5444042abd61aa46e05815) Importer(815301076,1909f56bfc062723c751e8b465ee728b)  -> (artifact id: '9740f890d4eb9782ff60b88c8fb9d737') in 0.222468 seconds
Number of updated asset objects reloaded before import = 0
Number of asset objects unloaded after import = 2
========================================================================
Received Import Request.
  Time since last request: 0.000062 seconds.
  path: Assets/Esenario/Wood_Cherry_Original.jpg
  artifactKey: Guid(24053abbd1e96e142a2e4e7916871413) Importer(815301076,1909f56bfc062723c751e8b465ee728b)
Start importing Assets/Esenario/Wood_Cherry_Original.jpg using Guid(24053abbd1e96e142a2e4e7916871413) Importer(815301076,1909f56bfc062723c751e8b465ee728b)  -> (artifact id: 'a3f70eb73e151f3f7beafdd70b44831d') in 0.045287 seconds
Number of updated asset objects reloaded before import = 0
Number of asset objects unloaded after import = 2
========================================================================
Received Import Request.
  Time since last request: 0.000026 seconds.
  path: Assets/Esenario/M_0_40_02.jpg
  artifactKey: Guid(093e77d6b65ed1e4fa2127ab953ea059) Importer(815301076,1909f56bfc062723c751e8b465ee728b)
Start importing Assets/Esenario/M_0_40_02.jpg using Guid(093e77d6b65ed1e4fa2127ab953ea059) Importer(815301076,1909f56bfc062723c751e8b465ee728b)  -> (artifact id: '5ad869424a973e37e06558a701464ba0') in 0.055156 seconds
Number of updated asset objects reloaded before import = 0
Number of asset objects unloaded after import = 2
========================================================================
Received Import Request.
  Time since last request: 0.000037 seconds.
  path: Assets/Esenario/cromado_01.jpg
  artifactKey: Guid(1c3436600f1607d4ca5d803fed74baba) Importer(815301076,1909f56bfc062723c751e8b465ee728b)
Start importing Assets/Esenario/cromado_01.jpg using Guid(1c3436600f1607d4ca5d803fed74baba) Importer(815301076,1909f56bfc062723c751e8b465ee728b)  -> (artifact id: '5ecb4b74a5393644ceebe266e22f4613') in 0.036719 seconds
Number of updated asset objects reloaded before import = 0
Number of asset objects unloaded after import = 2
========================================================================
Received Import Request.
  Time since last request: 0.000090 seconds.
  path: Assets/Esenario/Phototexturingone_bmp1.jpg
  artifactKey: Guid(850580b6f5b540c40ae08af343c557f6) Importer(815301076,1909f56bfc062723c751e8b465ee728b)
Start importing Assets/Esenario/Phototexturingone_bmp1.jpg using Guid(850580b6f5b540c40ae08af343c557f6) Importer(815301076,1909f56bfc062723c751e8b465ee728b)  -> (artifact id: '8d385468ed3cf55f33275a85d2cdc687') in 0.032814 seconds
Number of updated asset objects reloaded before import = 0
Number of asset objects unloaded after import = 2
========================================================================
Received Import Request.
  Time since last request: 0.000050 seconds.
  path: Assets/Esenario/_8.jpg
  artifactKey: Guid(97fcc11d30e3b684184a254450a5bcbe) Importer(815301076,1909f56bfc062723c751e8b465ee728b)
Start importing Assets/Esenario/_8.jpg using Guid(97fcc11d30e3b684184a254450a5bcbe) Importer(815301076,1909f56bfc062723c751e8b465ee728b)  -> (artifact id: 'c24f27b3f7731f611375633ac88f21c5') in 0.063177 seconds
Number of updated asset objects reloaded before import = 0
Number of asset objects unloaded after import = 2
========================================================================
Received Import Request.
  Time since last request: 0.000025 seconds.
  path: Assets/Esenario/_Translucent_Resin_Crush_Gray_1.jpg
  artifactKey: Guid(ee8c226016a363847a32b87784e826ca) Importer(815301076,1909f56bfc062723c751e8b465ee728b)
Start importing Assets/Esenario/_Translucent_Resin_Crush_Gray_1.jpg using Guid(ee8c226016a363847a32b87784e826ca) Importer(815301076,1909f56bfc062723c751e8b465ee728b)  -> (artifact id: '1c28cd4b86b92f174de5561bf618d788') in 0.025120 seconds
Number of updated asset objects reloaded before import = 0
Number of asset objects unloaded after import = 2
========================================================================
Received Import Request.
  Time since last request: 0.000026 seconds.
  path: Assets/Esenario/Esenario.skp
  artifactKey: Guid(636708263c913a645af7c2ef2e9e0573) Importer(815301076,1909f56bfc062723c751e8b465ee728b)
Start importing Assets/Esenario/Esenario.skp using Guid(636708263c913a645af7c2ef2e9e0573) Importer(815301076,1909f56bfc062723c751e8b465ee728b)  -> (artifact id: 'd7b97f80da7d8595864478f100e89a17') in 13.707738 seconds
Number of updated asset objects reloaded before import = 0
Number of asset objects unloaded after import = 11555
